00:01:34:673  WARN 6436 --- [Thread-4] c.a.nacos.common.notify.NotifyCenter     : [NotifyCenter] Start destroying Publisher
00:01:34:673  WARN 6436 --- [Thread-7] c.a.n.common.http.HttpClientBeanHolder   : [HttpClientBeanHolder] Start destroying common HttpClient
00:01:34:676  WARN 6436 --- [Thread-4] c.a.nacos.common.notify.NotifyCenter     : [NotifyCenter] Destruction of the end
00:01:34:676  WARN 6436 --- [Thread-7] c.a.n.common.http.HttpClientBeanHolder   : [HttpClientBeanHolder] Destruction of the end
00:01:34:699  INFO 6436 --- [SpringApplicationShutdownHook] c.a.c.n.registry.NacosServiceRegistry    : De-registering from Nacos Server now...
00:01:34:702  INFO 6436 --- [SpringApplicationShutdownHook] c.a.c.n.registry.NacosServiceRegistry    : De-registration finished.
00:01:35:037  INFO 6436 --- [SpringApplicationShutdownHook] com.alibaba.nacos.common.remote.client   : Shutdown rpc client, set status to shutdown
00:01:35:038  INFO 6436 --- [SpringApplicationShutdownHook] com.alibaba.nacos.common.remote.client   : Shutdown client event executor java.util.concurrent.ScheduledThreadPoolExecutor@71fc3dd2[Running, pool size = 2, active threads = 2, queued tasks = 0, completed tasks = 0]
00:01:35:038  INFO 6436 --- [SpringApplicationShutdownHook] com.alibaba.nacos.common.remote.client   : Close current connection 1720885603555_192.168.31.62_52303
00:01:35:040  INFO 6436 --- [nacos-grpc-client-executor-196] c.a.n.c.remote.client.grpc.GrpcClient    : [1720885603555_192.168.31.62_52303]Ignore complete event,isRunning:false,isAbandon=false
00:01:35:043  INFO 6436 --- [SpringApplicationShutdownHook] c.a.n.c.remote.client.grpc.GrpcClient    : Shutdown grpc executor java.util.concurrent.ThreadPoolExecutor@5eba2c42[Running, pool size = 4, active threads = 0, queued tasks = 0, completed tasks = 197]
00:01:35:046  INFO 6436 --- [SpringApplicationShutdownHook] com.zaxxer.hikari.HikariDataSource       : HikariPool-1 - Shutdown initiated...
00:01:35:058  INFO 6436 --- [SpringApplicationShutdownHook] com.zaxxer.hikari.HikariDataSource       : HikariPool-1 - Shutdown completed.
00:01:44:998  INFO 7992 --- [main] com.hmall.cart.CartApplication           : Starting CartApplication using Java 17.0.6 on hitori with PID 7992 (D:\demo\hmall\cart-service\target\classes started by dutyzero in D:\demo\hmall)
00:01:44:999 DEBUG 7992 --- [main] com.hmall.cart.CartApplication           : Running with Spring Boot v2.7.12, Spring v5.3.27
00:01:44:999  INFO 7992 --- [main] com.hmall.cart.CartApplication           : The following 1 profile is active: "local"
00:01:45:838  INFO 7992 --- [main] o.s.cloud.context.scope.GenericScope     : BeanFactory id=ca07adaf-5e84-3c67-b74f-0304873c202d
00:01:46:224  INFO 7992 --- [main] o.s.b.w.embedded.tomcat.TomcatWebServer  : Tomcat initialized with port(s): 8082 (http)
00:01:46:233  INFO 7992 --- [main] o.apache.catalina.core.StandardService   : Starting service [Tomcat]
00:01:46:234  INFO 7992 --- [main] org.apache.catalina.core.StandardEngine  : Starting Servlet engine: [Apache Tomcat/9.0.75]
00:01:46:352  INFO 7992 --- [main] o.a.c.c.C.[Tomcat].[localhost].[/]       : Initializing Spring embedded WebApplicationContext
00:01:46:353  INFO 7992 --- [main] w.s.c.ServletWebServerApplicationContext : Root WebApplicationContext: initialization completed in 1306 ms
00:01:46:535  INFO 7992 --- [main] o.s.c.openfeign.FeignClientFactoryBean   : For 'item-service' URL not provided. Will try picking an instance via load-balancing.
00:01:47:498  INFO 7992 --- [main] pertySourcedRequestMappingHandlerMapping : Mapped URL path [/v2/api-docs] onto method [springfox.documentation.swagger2.web.Swagger2ControllerWebMvc#getDocumentation(String, HttpServletRequest)]
00:01:47:803  INFO 7992 --- [main] com.alibaba.nacos.common.remote.client   : [RpcClientFactory] create a new rpc client of fad62c56-e124-40f6-b60f-213d4f0068b4
00:01:47:853  INFO 7992 --- [main] org.reflections.Reflections              : Reflections took 24 ms to scan 1 urls, producing 3 keys and 6 values 
00:01:47:874  INFO 7992 --- [main] org.reflections.Reflections              : Reflections took 8 ms to scan 1 urls, producing 4 keys and 9 values 
00:01:47:885  INFO 7992 --- [main] org.reflections.Reflections              : Reflections took 9 ms to scan 1 urls, producing 3 keys and 10 values 
00:01:47:887  WARN 7992 --- [main] org.reflections.Reflections              : given scan urls are empty. set urls in the configuration
00:01:47:893  INFO 7992 --- [main] org.reflections.Reflections              : Reflections took 5 ms to scan 1 urls, producing 1 keys and 5 values 
00:01:47:901  INFO 7992 --- [main] org.reflections.Reflections              : Reflections took 7 ms to scan 1 urls, producing 1 keys and 7 values 
00:01:47:909  INFO 7992 --- [main] org.reflections.Reflections              : Reflections took 5 ms to scan 1 urls, producing 2 keys and 8 values 
00:01:47:910  WARN 7992 --- [main] org.reflections.Reflections              : given scan urls are empty. set urls in the configuration
00:01:47:911  INFO 7992 --- [main] com.alibaba.nacos.common.remote.client   : [fad62c56-e124-40f6-b60f-213d4f0068b4] RpcClient init label, labels = {module=naming, source=sdk}
00:01:47:913  INFO 7992 --- [main] com.alibaba.nacos.common.remote.client   : [fad62c56-e124-40f6-b60f-213d4f0068b4] RpcClient init, ServerListFactory = com.alibaba.nacos.client.naming.core.ServerListManager
00:01:47:913  INFO 7992 --- [main] com.alibaba.nacos.common.remote.client   : [fad62c56-e124-40f6-b60f-213d4f0068b4] Registry connection listener to current client:com.alibaba.nacos.client.naming.remote.gprc.redo.NamingGrpcRedoService
00:01:47:913  INFO 7992 --- [main] com.alibaba.nacos.common.remote.client   : [fad62c56-e124-40f6-b60f-213d4f0068b4] Register server push request handler:com.alibaba.nacos.client.naming.remote.gprc.NamingPushRequestHandler
00:01:47:915  INFO 7992 --- [main] com.alibaba.nacos.common.remote.client   : [fad62c56-e124-40f6-b60f-213d4f0068b4] Try to connect to server on start up, server: {serverIp = '192.168.31.68', server main port = 8848}
00:01:48:707  INFO 7992 --- [main] com.alibaba.nacos.common.remote.client   : [fad62c56-e124-40f6-b60f-213d4f0068b4] Success to connect to server [192.168.31.68:8848] on start up, connectionId = 1720886508321_192.168.31.62_52834
00:01:48:707  INFO 7992 --- [com.alibaba.nacos.client.remote.worker] com.alibaba.nacos.common.remote.client   : [fad62c56-e124-40f6-b60f-213d4f0068b4] Notify connected event to listeners.
00:01:48:709  INFO 7992 --- [main] com.alibaba.nacos.common.remote.client   : [fad62c56-e124-40f6-b60f-213d4f0068b4] Register server push request handler:com.alibaba.nacos.common.remote.client.RpcClient$ConnectResetRequestHandler
00:01:48:709  INFO 7992 --- [main] com.alibaba.nacos.common.remote.client   : [fad62c56-e124-40f6-b60f-213d4f0068b4] Register server push request handler:com.alibaba.nacos.common.remote.client.RpcClient$$Lambda$1002/0x00000008013f0d10
00:01:48:757  INFO 7992 --- [main] o.s.b.w.embedded.tomcat.TomcatWebServer  : Tomcat started on port(s): 8082 (http) with context path ''
00:01:48:765  INFO 7992 --- [main] c.a.c.n.registry.NacosServiceRegistry    : nacos registry, DEFAULT_GROUP cart-service 192.168.31.62:8082 register finished
00:01:48:885  INFO 7992 --- [main] d.s.w.p.DocumentationPluginsBootstrapper : Documentation plugins bootstrapped
00:01:48:887  INFO 7992 --- [main] d.s.w.p.DocumentationPluginsBootstrapper : Found 1 custom documentation plugin(s)
00:01:48:909  INFO 7992 --- [main] s.d.s.w.s.ApiListingReferenceScanner     : Scanning for api listing references
00:01:49:001  INFO 7992 --- [main] com.hmall.cart.CartApplication           : Started CartApplication in 4.642 seconds (JVM running for 5.318)
00:01:49:246  INFO 7992 --- [nacos-grpc-client-executor-9] com.alibaba.nacos.common.remote.client   : [fad62c56-e124-40f6-b60f-213d4f0068b4] Receive server push request, request = NotifySubscriberRequest, requestId = 17
00:01:49:253  INFO 7992 --- [nacos-grpc-client-executor-9] com.alibaba.nacos.common.remote.client   : [fad62c56-e124-40f6-b60f-213d4f0068b4] Ack server push request, request = NotifySubscriberRequest, requestId = 17
00:02:07:607  INFO 7992 --- [http-nio-8082-exec-1] o.a.c.c.C.[Tomcat].[localhost].[/]       : Initializing Spring DispatcherServlet 'dispatcherServlet'
00:02:07:607  INFO 7992 --- [http-nio-8082-exec-1] o.s.web.servlet.DispatcherServlet        : Initializing Servlet 'dispatcherServlet'
00:02:07:608  INFO 7992 --- [http-nio-8082-exec-1] o.s.web.servlet.DispatcherServlet        : Completed initialization in 0 ms
00:02:07:696  INFO 7992 --- [http-nio-8082-exec-1] com.zaxxer.hikari.HikariDataSource       : HikariPool-1 - Starting...
00:02:07:926  INFO 7992 --- [http-nio-8082-exec-1] com.zaxxer.hikari.HikariDataSource       : HikariPool-1 - Start completed.
00:02:07:932 DEBUG 7992 --- [http-nio-8082-exec-1] c.h.cart.mapper.CartMapper.selectList    : ==>  Preparing: SELECT id,user_id,item_id,num,name,spec,price,image,create_time,update_time FROM cart WHERE (user_id = ?)
00:02:07:953 DEBUG 7992 --- [http-nio-8082-exec-1] c.h.cart.mapper.CartMapper.selectList    : ==> Parameters: 2(Long)
00:02:07:973 DEBUG 7992 --- [http-nio-8082-exec-1] c.h.cart.mapper.CartMapper.selectList    : <==      Total: 0
00:08:42:213  WARN 7992 --- [Thread-4] c.a.nacos.common.notify.NotifyCenter     : [NotifyCenter] Start destroying Publisher
00:08:42:214  WARN 7992 --- [Thread-4] c.a.nacos.common.notify.NotifyCenter     : [NotifyCenter] Destruction of the end
00:08:42:215  WARN 7992 --- [Thread-7] c.a.n.common.http.HttpClientBeanHolder   : [HttpClientBeanHolder] Start destroying common HttpClient
00:08:42:216  WARN 7992 --- [Thread-7] c.a.n.common.http.HttpClientBeanHolder   : [HttpClientBeanHolder] Destruction of the end
00:08:42:262  INFO 7992 --- [SpringApplicationShutdownHook] c.a.c.n.registry.NacosServiceRegistry    : De-registering from Nacos Server now...
00:08:42:270  INFO 7992 --- [SpringApplicationShutdownHook] c.a.c.n.registry.NacosServiceRegistry    : De-registration finished.
00:08:42:606  INFO 7992 --- [SpringApplicationShutdownHook] com.alibaba.nacos.common.remote.client   : Shutdown rpc client, set status to shutdown
00:08:42:606  INFO 7992 --- [SpringApplicationShutdownHook] com.alibaba.nacos.common.remote.client   : Shutdown client event executor java.util.concurrent.ScheduledThreadPoolExecutor@55dd17b2[Running, pool size = 2, active threads = 2, queued tasks = 0, completed tasks = 0]
00:08:42:606  INFO 7992 --- [SpringApplicationShutdownHook] com.alibaba.nacos.common.remote.client   : Close current connection 1720886508321_192.168.31.62_52834
00:08:42:609  INFO 7992 --- [nacos-grpc-client-executor-97] c.a.n.c.remote.client.grpc.GrpcClient    : [1720886508321_192.168.31.62_52834]Ignore complete event,isRunning:false,isAbandon=false
00:08:42:613  INFO 7992 --- [SpringApplicationShutdownHook] c.a.n.c.remote.client.grpc.GrpcClient    : Shutdown grpc executor java.util.concurrent.ThreadPoolExecutor@72926013[Running, pool size = 5, active threads = 0, queued tasks = 0, completed tasks = 98]
00:08:42:619  INFO 7992 --- [SpringApplicationShutdownHook] com.zaxxer.hikari.HikariDataSource       : HikariPool-1 - Shutdown initiated...
00:08:42:639  INFO 7992 --- [SpringApplicationShutdownHook] com.zaxxer.hikari.HikariDataSource       : HikariPool-1 - Shutdown completed.
00:08:45:581  INFO 10552 --- [main] com.hmall.cart.CartApplication           : Starting CartApplication using Java 17.0.6 on hitori with PID 10552 (D:\demo\hmall\cart-service\target\classes started by dutyzero in D:\demo\hmall)
00:08:45:582 DEBUG 10552 --- [main] com.hmall.cart.CartApplication           : Running with Spring Boot v2.7.12, Spring v5.3.27
00:08:45:583  INFO 10552 --- [main] com.hmall.cart.CartApplication           : The following 1 profile is active: "local"
00:08:46:583  INFO 10552 --- [main] o.s.cloud.context.scope.GenericScope     : BeanFactory id=ca07adaf-5e84-3c67-b74f-0304873c202d
00:08:47:019  INFO 10552 --- [main] o.s.b.w.embedded.tomcat.TomcatWebServer  : Tomcat initialized with port(s): 8082 (http)
00:08:47:029  INFO 10552 --- [main] o.apache.catalina.core.StandardService   : Starting service [Tomcat]
00:08:47:029  INFO 10552 --- [main] org.apache.catalina.core.StandardEngine  : Starting Servlet engine: [Apache Tomcat/9.0.75]
00:08:47:154  INFO 10552 --- [main] o.a.c.c.C.[Tomcat].[localhost].[/]       : Initializing Spring embedded WebApplicationContext
00:08:47:154  INFO 10552 --- [main] w.s.c.ServletWebServerApplicationContext : Root WebApplicationContext: initialization completed in 1516 ms
00:08:47:340  INFO 10552 --- [main] o.s.c.openfeign.FeignClientFactoryBean   : For 'item-service' URL not provided. Will try picking an instance via load-balancing.
00:08:48:313  INFO 10552 --- [main] pertySourcedRequestMappingHandlerMapping : Mapped URL path [/v2/api-docs] onto method [springfox.documentation.swagger2.web.Swagger2ControllerWebMvc#getDocumentation(String, HttpServletRequest)]
00:08:48:669  INFO 10552 --- [main] com.alibaba.nacos.common.remote.client   : [RpcClientFactory] create a new rpc client of abdac62f-c0e4-4047-8086-e81b8d80c6ca
00:08:48:734  INFO 10552 --- [main] org.reflections.Reflections              : Reflections took 31 ms to scan 1 urls, producing 3 keys and 6 values 
00:08:48:759  INFO 10552 --- [main] org.reflections.Reflections              : Reflections took 9 ms to scan 1 urls, producing 4 keys and 9 values 
00:08:48:769  INFO 10552 --- [main] org.reflections.Reflections              : Reflections took 7 ms to scan 1 urls, producing 3 keys and 10 values 
00:08:48:771  WARN 10552 --- [main] org.reflections.Reflections              : given scan urls are empty. set urls in the configuration
00:08:48:779  INFO 10552 --- [main] org.reflections.Reflections              : Reflections took 6 ms to scan 1 urls, producing 1 keys and 5 values 
00:08:48:793  INFO 10552 --- [main] org.reflections.Reflections              : Reflections took 11 ms to scan 1 urls, producing 1 keys and 7 values 
00:08:48:803  INFO 10552 --- [main] org.reflections.Reflections              : Reflections took 7 ms to scan 1 urls, producing 2 keys and 8 values 
00:08:48:805  WARN 10552 --- [main] org.reflections.Reflections              : given scan urls are empty. set urls in the configuration
00:08:48:808  INFO 10552 --- [main] com.alibaba.nacos.common.remote.client   : [abdac62f-c0e4-4047-8086-e81b8d80c6ca] RpcClient init label, labels = {module=naming, source=sdk}
00:08:48:810  INFO 10552 --- [main] com.alibaba.nacos.common.remote.client   : [abdac62f-c0e4-4047-8086-e81b8d80c6ca] RpcClient init, ServerListFactory = com.alibaba.nacos.client.naming.core.ServerListManager
00:08:48:810  INFO 10552 --- [main] com.alibaba.nacos.common.remote.client   : [abdac62f-c0e4-4047-8086-e81b8d80c6ca] Registry connection listener to current client:com.alibaba.nacos.client.naming.remote.gprc.redo.NamingGrpcRedoService
00:08:48:811  INFO 10552 --- [main] com.alibaba.nacos.common.remote.client   : [abdac62f-c0e4-4047-8086-e81b8d80c6ca] Register server push request handler:com.alibaba.nacos.client.naming.remote.gprc.NamingPushRequestHandler
00:08:48:813  INFO 10552 --- [main] com.alibaba.nacos.common.remote.client   : [abdac62f-c0e4-4047-8086-e81b8d80c6ca] Try to connect to server on start up, server: {serverIp = '192.168.31.68', server main port = 8848}
00:08:49:871  INFO 10552 --- [main] com.alibaba.nacos.common.remote.client   : [abdac62f-c0e4-4047-8086-e81b8d80c6ca] Success to connect to server [192.168.31.68:8848] on start up, connectionId = 1720886929431_192.168.31.62_53136
00:08:49:872  INFO 10552 --- [com.alibaba.nacos.client.remote.worker] com.alibaba.nacos.common.remote.client   : [abdac62f-c0e4-4047-8086-e81b8d80c6ca] Notify connected event to listeners.
00:08:49:872  INFO 10552 --- [main] com.alibaba.nacos.common.remote.client   : [abdac62f-c0e4-4047-8086-e81b8d80c6ca] Register server push request handler:com.alibaba.nacos.common.remote.client.RpcClient$ConnectResetRequestHandler
00:08:49:873  INFO 10552 --- [main] com.alibaba.nacos.common.remote.client   : [abdac62f-c0e4-4047-8086-e81b8d80c6ca] Register server push request handler:com.alibaba.nacos.common.remote.client.RpcClient$$Lambda$1002/0x00000008013f1688
00:08:49:956  INFO 10552 --- [main] o.s.b.w.embedded.tomcat.TomcatWebServer  : Tomcat started on port(s): 8082 (http) with context path ''
00:08:49:971  INFO 10552 --- [main] c.a.c.n.registry.NacosServiceRegistry    : nacos registry, DEFAULT_GROUP cart-service 192.168.31.62:8082 register finished
00:08:50:170  INFO 10552 --- [main] d.s.w.p.DocumentationPluginsBootstrapper : Documentation plugins bootstrapped
00:08:50:174  INFO 10552 --- [main] d.s.w.p.DocumentationPluginsBootstrapper : Found 1 custom documentation plugin(s)
00:08:50:211  INFO 10552 --- [main] s.d.s.w.s.ApiListingReferenceScanner     : Scanning for api listing references
00:08:50:361  INFO 10552 --- [main] com.hmall.cart.CartApplication           : Started CartApplication in 5.56 seconds (JVM running for 6.395)
00:08:50:440  INFO 10552 --- [nacos-grpc-client-executor-9] com.alibaba.nacos.common.remote.client   : [abdac62f-c0e4-4047-8086-e81b8d80c6ca] Receive server push request, request = NotifySubscriberRequest, requestId = 21
00:08:50:450  INFO 10552 --- [nacos-grpc-client-executor-9] com.alibaba.nacos.common.remote.client   : [abdac62f-c0e4-4047-8086-e81b8d80c6ca] Ack server push request, request = NotifySubscriberRequest, requestId = 21
00:09:25:625  INFO 10552 --- [http-nio-8082-exec-1] o.a.c.c.C.[Tomcat].[localhost].[/]       : Initializing Spring DispatcherServlet 'dispatcherServlet'
00:09:25:626  INFO 10552 --- [http-nio-8082-exec-1] o.s.web.servlet.DispatcherServlet        : Initializing Servlet 'dispatcherServlet'
00:09:25:627  INFO 10552 --- [http-nio-8082-exec-1] o.s.web.servlet.DispatcherServlet        : Completed initialization in 1 ms
00:09:25:712  INFO 10552 --- [http-nio-8082-exec-1] com.zaxxer.hikari.HikariDataSource       : HikariPool-1 - Starting...
00:09:25:912  INFO 10552 --- [http-nio-8082-exec-1] com.zaxxer.hikari.HikariDataSource       : HikariPool-1 - Start completed.
00:09:25:918 DEBUG 10552 --- [http-nio-8082-exec-1] c.h.cart.mapper.CartMapper.selectList    : ==>  Preparing: SELECT id,user_id,item_id,num,name,spec,price,image,create_time,update_time FROM cart WHERE (user_id = ?)
00:09:25:938 DEBUG 10552 --- [http-nio-8082-exec-1] c.h.cart.mapper.CartMapper.selectList    : ==> Parameters: 2(Long)
00:09:25:958 DEBUG 10552 --- [http-nio-8082-exec-1] c.h.cart.mapper.CartMapper.selectList    : <==      Total: 0
00:09:30:079 DEBUG 10552 --- [http-nio-8082-exec-2] c.h.cart.mapper.CartMapper.selectCount   : ==>  Preparing: SELECT COUNT( * ) FROM cart WHERE (user_id = ? AND item_id = ?)
00:09:30:079 DEBUG 10552 --- [http-nio-8082-exec-2] c.h.cart.mapper.CartMapper.selectCount   : ==> Parameters: 2(Long), 2120808(Long)
00:09:30:081 DEBUG 10552 --- [http-nio-8082-exec-2] c.h.cart.mapper.CartMapper.selectCount   : <==      Total: 1
00:09:30:083 DEBUG 10552 --- [http-nio-8082-exec-2] c.h.cart.mapper.CartMapper.selectCount   : ==>  Preparing: SELECT COUNT( * ) FROM cart WHERE (user_id = ?)
00:09:30:083 DEBUG 10552 --- [http-nio-8082-exec-2] c.h.cart.mapper.CartMapper.selectCount   : ==> Parameters: 2(Long)
00:09:30:085 DEBUG 10552 --- [http-nio-8082-exec-2] c.h.cart.mapper.CartMapper.selectCount   : <==      Total: 1
00:09:30:117 DEBUG 10552 --- [http-nio-8082-exec-2] com.hmall.cart.mapper.CartMapper.insert  : ==>  Preparing: INSERT INTO cart ( user_id, item_id, name, spec, price, image ) VALUES ( ?, ?, ?, ?, ?, ? )
00:09:30:118 DEBUG 10552 --- [http-nio-8082-exec-2] com.hmall.cart.mapper.CartMapper.insert  : ==> Parameters: 2(Long), 2120808(Long), 姬龙雪 guy laroche女包 GL经典手提包女牛皮大容量单肩包女欧美时尚包包女包GS1210001-06杏色(String), {}(String), 71800(Integer), https://m.360buyimg.com/mobilecms/s720x720_jfs/t30694/267/398774087/90954/6fc143cf/5bf25358N14dadbf7.jpg!q70.jpg.webp(String)
00:09:30:125 DEBUG 10552 --- [http-nio-8082-exec-2] com.hmall.cart.mapper.CartMapper.insert  : <==    Updates: 1
00:09:30:186 DEBUG 10552 --- [http-nio-8082-exec-3] c.h.cart.mapper.CartMapper.selectList    : ==>  Preparing: SELECT id,user_id,item_id,num,name,spec,price,image,create_time,update_time FROM cart WHERE (user_id = ?)
00:09:30:186 DEBUG 10552 --- [http-nio-8082-exec-3] c.h.cart.mapper.CartMapper.selectList    : ==> Parameters: 2(Long)
00:09:30:190 DEBUG 10552 --- [http-nio-8082-exec-3] c.h.cart.mapper.CartMapper.selectList    : <==      Total: 1
00:09:30:194 DEBUG 10552 --- [http-nio-8082-exec-3] com.hmall.api.client.ItemClient          : [ItemClient#queryItemByIds] ---> GET http://item-service/items?ids=2120808 HTTP/1.1
00:09:30:194 DEBUG 10552 --- [http-nio-8082-exec-3] com.hmall.api.client.ItemClient          : [ItemClient#queryItemByIds] ---> END HTTP (0-byte body)
00:09:30:330 DEBUG 10552 --- [http-nio-8082-exec-3] com.hmall.api.client.ItemClient          : [ItemClient#queryItemByIds] <--- HTTP/1.1 200  (136ms)
00:09:30:331 DEBUG 10552 --- [http-nio-8082-exec-3] com.hmall.api.client.ItemClient          : [ItemClient#queryItemByIds] connection: keep-alive
00:09:30:331 DEBUG 10552 --- [http-nio-8082-exec-3] com.hmall.api.client.ItemClient          : [ItemClient#queryItemByIds] content-type: application/json
00:09:30:331 DEBUG 10552 --- [http-nio-8082-exec-3] com.hmall.api.client.ItemClient          : [ItemClient#queryItemByIds] date: Sat, 13 Jul 2024 16:09:30 GMT
00:09:30:331 DEBUG 10552 --- [http-nio-8082-exec-3] com.hmall.api.client.ItemClient          : [ItemClient#queryItemByIds] keep-alive: timeout=60
00:09:30:331 DEBUG 10552 --- [http-nio-8082-exec-3] com.hmall.api.client.ItemClient          : [ItemClient#queryItemByIds] transfer-encoding: chunked
00:09:30:331 DEBUG 10552 --- [http-nio-8082-exec-3] com.hmall.api.client.ItemClient          : [ItemClient#queryItemByIds] 
00:09:30:331 DEBUG 10552 --- [http-nio-8082-exec-3] com.hmall.api.client.ItemClient          : [ItemClient#queryItemByIds] [{"id":"2120808","name":"姬龙雪 guy laroche女包 GL经典手提包女牛皮大容量单肩包女欧美时尚包包女包GS1210001-06杏色","price":71800,"stock":1,"image":"https://m.360buyimg.com/mobilecms/s720x720_jfs/t30694/267/398774087/90954/6fc143cf/5bf25358N14dadbf7.jpg!q70.jpg.webp","category":"真皮包","brand":"姬龙雪","spec":"{}","sold":0,"commentCount":0,"isAD":false,"status":1}]
00:09:30:332 DEBUG 10552 --- [http-nio-8082-exec-3] com.hmall.api.client.ItemClient          : [ItemClient#queryItemByIds] <--- END HTTP (402-byte body)
00:09:30:846  INFO 10552 --- [nacos-grpc-client-executor-19] com.alibaba.nacos.common.remote.client   : [abdac62f-c0e4-4047-8086-e81b8d80c6ca] Receive server push request, request = NotifySubscriberRequest, requestId = 32
00:09:30:846  INFO 10552 --- [nacos-grpc-client-executor-19] com.alibaba.nacos.common.remote.client   : [abdac62f-c0e4-4047-8086-e81b8d80c6ca] Ack server push request, request = NotifySubscriberRequest, requestId = 32
00:09:47:776 DEBUG 10552 --- [http-nio-8082-exec-5] com.hmall.cart.mapper.CartMapper.delete  : ==>  Preparing: DELETE FROM cart WHERE (user_id = ? AND item_id IN (?))
00:09:47:777 DEBUG 10552 --- [http-nio-8082-exec-5] com.hmall.cart.mapper.CartMapper.delete  : ==> Parameters: null, 2120808(Long)
00:09:47:779 DEBUG 10552 --- [http-nio-8082-exec-5] com.hmall.cart.mapper.CartMapper.delete  : <==    Updates: 0
00:10:07:133 DEBUG 10552 --- [http-nio-8082-exec-7] c.h.cart.mapper.CartMapper.selectList    : ==>  Preparing: SELECT id,user_id,item_id,num,name,spec,price,image,create_time,update_time FROM cart WHERE (user_id = ?)
00:10:07:133 DEBUG 10552 --- [http-nio-8082-exec-7] c.h.cart.mapper.CartMapper.selectList    : ==> Parameters: 2(Long)
00:10:07:135 DEBUG 10552 --- [http-nio-8082-exec-7] c.h.cart.mapper.CartMapper.selectList    : <==      Total: 1
00:10:07:135 DEBUG 10552 --- [http-nio-8082-exec-7] com.hmall.api.client.ItemClient          : [ItemClient#queryItemByIds] ---> GET http://item-service/items?ids=2120808 HTTP/1.1
00:10:07:135 DEBUG 10552 --- [http-nio-8082-exec-7] com.hmall.api.client.ItemClient          : [ItemClient#queryItemByIds] ---> END HTTP (0-byte body)
00:10:07:144 DEBUG 10552 --- [http-nio-8082-exec-7] com.hmall.api.client.ItemClient          : [ItemClient#queryItemByIds] <--- HTTP/1.1 200  (8ms)
00:10:07:144 DEBUG 10552 --- [http-nio-8082-exec-7] com.hmall.api.client.ItemClient          : [ItemClient#queryItemByIds] connection: keep-alive
00:10:07:145 DEBUG 10552 --- [http-nio-8082-exec-7] com.hmall.api.client.ItemClient          : [ItemClient#queryItemByIds] content-type: application/json
00:10:07:145 DEBUG 10552 --- [http-nio-8082-exec-7] com.hmall.api.client.ItemClient          : [ItemClient#queryItemByIds] date: Sat, 13 Jul 2024 16:10:07 GMT
00:10:07:145 DEBUG 10552 --- [http-nio-8082-exec-7] com.hmall.api.client.ItemClient          : [ItemClient#queryItemByIds] keep-alive: timeout=60
00:10:07:145 DEBUG 10552 --- [http-nio-8082-exec-7] com.hmall.api.client.ItemClient          : [ItemClient#queryItemByIds] transfer-encoding: chunked
00:10:07:145 DEBUG 10552 --- [http-nio-8082-exec-7] com.hmall.api.client.ItemClient          : [ItemClient#queryItemByIds] 
00:10:07:145 DEBUG 10552 --- [http-nio-8082-exec-7] com.hmall.api.client.ItemClient          : [ItemClient#queryItemByIds] [{"id":"2120808","name":"姬龙雪 guy laroche女包 GL经典手提包女牛皮大容量单肩包女欧美时尚包包女包GS1210001-06杏色","price":71800,"stock":0,"image":"https://m.360buyimg.com/mobilecms/s720x720_jfs/t30694/267/398774087/90954/6fc143cf/5bf25358N14dadbf7.jpg!q70.jpg.webp","category":"真皮包","brand":"姬龙雪","spec":"{}","sold":0,"commentCount":0,"isAD":false,"status":1}]
00:10:07:145 DEBUG 10552 --- [http-nio-8082-exec-7] com.hmall.api.client.ItemClient          : [ItemClient#queryItemByIds] <--- END HTTP (402-byte body)
00:20:02:638 DEBUG 10552 --- [http-nio-8082-exec-8] c.h.cart.mapper.CartMapper.selectList    : ==>  Preparing: SELECT id,user_id,item_id,num,name,spec,price,image,create_time,update_time FROM cart WHERE (user_id = ?)
00:20:02:639 DEBUG 10552 --- [http-nio-8082-exec-8] c.h.cart.mapper.CartMapper.selectList    : ==> Parameters: 2(Long)
00:20:02:640 DEBUG 10552 --- [http-nio-8082-exec-8] c.h.cart.mapper.CartMapper.selectList    : <==      Total: 1
00:20:02:641 DEBUG 10552 --- [http-nio-8082-exec-8] com.hmall.api.client.ItemClient          : [ItemClient#queryItemByIds] ---> GET http://item-service/items?ids=2120808 HTTP/1.1
00:20:02:641 DEBUG 10552 --- [http-nio-8082-exec-8] com.hmall.api.client.ItemClient          : [ItemClient#queryItemByIds] ---> END HTTP (0-byte body)
00:20:02:652 DEBUG 10552 --- [http-nio-8082-exec-8] com.hmall.api.client.ItemClient          : [ItemClient#queryItemByIds] <--- HTTP/1.1 200  (10ms)
00:20:02:652 DEBUG 10552 --- [http-nio-8082-exec-8] com.hmall.api.client.ItemClient          : [ItemClient#queryItemByIds] connection: keep-alive
00:20:02:652 DEBUG 10552 --- [http-nio-8082-exec-8] com.hmall.api.client.ItemClient          : [ItemClient#queryItemByIds] content-type: application/json
00:20:02:652 DEBUG 10552 --- [http-nio-8082-exec-8] com.hmall.api.client.ItemClient          : [ItemClient#queryItemByIds] date: Sat, 13 Jul 2024 16:20:02 GMT
00:20:02:652 DEBUG 10552 --- [http-nio-8082-exec-8] com.hmall.api.client.ItemClient          : [ItemClient#queryItemByIds] keep-alive: timeout=60
00:20:02:652 DEBUG 10552 --- [http-nio-8082-exec-8] com.hmall.api.client.ItemClient          : [ItemClient#queryItemByIds] transfer-encoding: chunked
00:20:02:652 DEBUG 10552 --- [http-nio-8082-exec-8] com.hmall.api.client.ItemClient          : [ItemClient#queryItemByIds] 
00:20:02:653 DEBUG 10552 --- [http-nio-8082-exec-8] com.hmall.api.client.ItemClient          : [ItemClient#queryItemByIds] [{"id":"2120808","name":"姬龙雪 guy laroche女包 GL经典手提包女牛皮大容量单肩包女欧美时尚包包女包GS1210001-06杏色","price":71800,"stock":0,"image":"https://m.360buyimg.com/mobilecms/s720x720_jfs/t30694/267/398774087/90954/6fc143cf/5bf25358N14dadbf7.jpg!q70.jpg.webp","category":"真皮包","brand":"姬龙雪","spec":"{}","sold":0,"commentCount":0,"isAD":false,"status":1}]
00:20:02:653 DEBUG 10552 --- [http-nio-8082-exec-8] com.hmall.api.client.ItemClient          : [ItemClient#queryItemByIds] <--- END HTTP (402-byte body)
00:20:12:464 DEBUG 10552 --- [http-nio-8082-exec-9] c.h.cart.mapper.CartMapper.deleteById    : ==>  Preparing: DELETE FROM cart WHERE id=?
00:20:12:464 DEBUG 10552 --- [http-nio-8082-exec-9] c.h.cart.mapper.CartMapper.deleteById    : ==> Parameters: 10(Long)
00:20:12:468 DEBUG 10552 --- [http-nio-8082-exec-9] c.h.cart.mapper.CartMapper.deleteById    : <==    Updates: 1
00:20:12:478 DEBUG 10552 --- [http-nio-8082-exec-4] c.h.cart.mapper.CartMapper.selectList    : ==>  Preparing: SELECT id,user_id,item_id,num,name,spec,price,image,create_time,update_time FROM cart WHERE (user_id = ?)
00:20:12:478 DEBUG 10552 --- [http-nio-8082-exec-4] c.h.cart.mapper.CartMapper.selectList    : ==> Parameters: 2(Long)
00:20:12:480 DEBUG 10552 --- [http-nio-8082-exec-4] c.h.cart.mapper.CartMapper.selectList    : <==      Total: 0
00:20:15:525 DEBUG 10552 --- [http-nio-8082-exec-1] c.h.cart.mapper.CartMapper.selectCount   : ==>  Preparing: SELECT COUNT( * ) FROM cart WHERE (user_id = ? AND item_id = ?)
00:20:15:526 DEBUG 10552 --- [http-nio-8082-exec-1] c.h.cart.mapper.CartMapper.selectCount   : ==> Parameters: 2(Long), 2120808(Long)
00:20:15:527 DEBUG 10552 --- [http-nio-8082-exec-1] c.h.cart.mapper.CartMapper.selectCount   : <==      Total: 1
00:20:15:528 DEBUG 10552 --- [http-nio-8082-exec-1] c.h.cart.mapper.CartMapper.selectCount   : ==>  Preparing: SELECT COUNT( * ) FROM cart WHERE (user_id = ?)
00:20:15:528 DEBUG 10552 --- [http-nio-8082-exec-1] c.h.cart.mapper.CartMapper.selectCount   : ==> Parameters: 2(Long)
00:20:15:529 DEBUG 10552 --- [http-nio-8082-exec-1] c.h.cart.mapper.CartMapper.selectCount   : <==      Total: 1
00:20:15:530 DEBUG 10552 --- [http-nio-8082-exec-1] com.hmall.cart.mapper.CartMapper.insert  : ==>  Preparing: INSERT INTO cart ( user_id, item_id, name, spec, price, image ) VALUES ( ?, ?, ?, ?, ?, ? )
00:20:15:530 DEBUG 10552 --- [http-nio-8082-exec-1] com.hmall.cart.mapper.CartMapper.insert  : ==> Parameters: 2(Long), 2120808(Long), 姬龙雪 guy laroche女包 GL经典手提包女牛皮大容量单肩包女欧美时尚包包女包GS1210001-06杏色(String), {}(String), 71800(Integer), https://m.360buyimg.com/mobilecms/s720x720_jfs/t30694/267/398774087/90954/6fc143cf/5bf25358N14dadbf7.jpg!q70.jpg.webp(String)
00:20:15:534 DEBUG 10552 --- [http-nio-8082-exec-1] com.hmall.cart.mapper.CartMapper.insert  : <==    Updates: 1
00:20:15:585 DEBUG 10552 --- [http-nio-8082-exec-2] c.h.cart.mapper.CartMapper.selectList    : ==>  Preparing: SELECT id,user_id,item_id,num,name,spec,price,image,create_time,update_time FROM cart WHERE (user_id = ?)
00:20:15:586 DEBUG 10552 --- [http-nio-8082-exec-2] c.h.cart.mapper.CartMapper.selectList    : ==> Parameters: 2(Long)
00:20:15:588 DEBUG 10552 --- [http-nio-8082-exec-2] c.h.cart.mapper.CartMapper.selectList    : <==      Total: 1
00:20:15:588 DEBUG 10552 --- [http-nio-8082-exec-2] com.hmall.api.client.ItemClient          : [ItemClient#queryItemByIds] ---> GET http://item-service/items?ids=2120808 HTTP/1.1
00:20:15:588 DEBUG 10552 --- [http-nio-8082-exec-2] com.hmall.api.client.ItemClient          : [ItemClient#queryItemByIds] ---> END HTTP (0-byte body)
00:20:15:599 DEBUG 10552 --- [http-nio-8082-exec-2] com.hmall.api.client.ItemClient          : [ItemClient#queryItemByIds] <--- HTTP/1.1 200  (11ms)
00:20:15:599 DEBUG 10552 --- [http-nio-8082-exec-2] com.hmall.api.client.ItemClient          : [ItemClient#queryItemByIds] connection: keep-alive
00:20:15:599 DEBUG 10552 --- [http-nio-8082-exec-2] com.hmall.api.client.ItemClient          : [ItemClient#queryItemByIds] content-type: application/json
00:20:15:599 DEBUG 10552 --- [http-nio-8082-exec-2] com.hmall.api.client.ItemClient          : [ItemClient#queryItemByIds] date: Sat, 13 Jul 2024 16:20:15 GMT
00:20:15:600 DEBUG 10552 --- [http-nio-8082-exec-2] com.hmall.api.client.ItemClient          : [ItemClient#queryItemByIds] keep-alive: timeout=60
00:20:15:600 DEBUG 10552 --- [http-nio-8082-exec-2] com.hmall.api.client.ItemClient          : [ItemClient#queryItemByIds] transfer-encoding: chunked
00:20:15:600 DEBUG 10552 --- [http-nio-8082-exec-2] com.hmall.api.client.ItemClient          : [ItemClient#queryItemByIds] 
00:20:15:600 DEBUG 10552 --- [http-nio-8082-exec-2] com.hmall.api.client.ItemClient          : [ItemClient#queryItemByIds] [{"id":"2120808","name":"姬龙雪 guy laroche女包 GL经典手提包女牛皮大容量单肩包女欧美时尚包包女包GS1210001-06杏色","price":71800,"stock":0,"image":"https://m.360buyimg.com/mobilecms/s720x720_jfs/t30694/267/398774087/90954/6fc143cf/5bf25358N14dadbf7.jpg!q70.jpg.webp","category":"真皮包","brand":"姬龙雪","spec":"{}","sold":0,"commentCount":0,"isAD":false,"status":1}]
00:20:15:600 DEBUG 10552 --- [http-nio-8082-exec-2] com.hmall.api.client.ItemClient          : [ItemClient#queryItemByIds] <--- END HTTP (402-byte body)
00:20:36:649  WARN 10552 --- [Thread-7] c.a.n.common.http.HttpClientBeanHolder   : [HttpClientBeanHolder] Start destroying common HttpClient
00:20:36:649  WARN 10552 --- [Thread-4] c.a.nacos.common.notify.NotifyCenter     : [NotifyCenter] Start destroying Publisher
00:20:36:649  WARN 10552 --- [Thread-4] c.a.nacos.common.notify.NotifyCenter     : [NotifyCenter] Destruction of the end
00:20:36:649  WARN 10552 --- [Thread-7] c.a.n.common.http.HttpClientBeanHolder   : [HttpClientBeanHolder] Destruction of the end
00:20:36:671  INFO 10552 --- [SpringApplicationShutdownHook] c.a.c.n.registry.NacosServiceRegistry    : De-registering from Nacos Server now...
00:20:36:675  INFO 10552 --- [SpringApplicationShutdownHook] c.a.c.n.registry.NacosServiceRegistry    : De-registration finished.
00:20:36:979  INFO 10552 --- [SpringApplicationShutdownHook] com.alibaba.nacos.common.remote.client   : Shutdown rpc client, set status to shutdown
00:20:36:979  INFO 10552 --- [SpringApplicationShutdownHook] com.alibaba.nacos.common.remote.client   : Shutdown client event executor java.util.concurrent.ScheduledThreadPoolExecutor@be9467[Running, pool size = 2, active threads = 2, queued tasks = 0, completed tasks = 0]
00:20:36:979  INFO 10552 --- [SpringApplicationShutdownHook] com.alibaba.nacos.common.remote.client   : Close current connection 1720886929431_192.168.31.62_53136
00:20:36:981  INFO 10552 --- [nacos-grpc-client-executor-158] c.a.n.c.remote.client.grpc.GrpcClient    : [1720886929431_192.168.31.62_53136]Ignore complete event,isRunning:false,isAbandon=false
00:20:36:983  INFO 10552 --- [SpringApplicationShutdownHook] c.a.n.c.remote.client.grpc.GrpcClient    : Shutdown grpc executor java.util.concurrent.ThreadPoolExecutor@1fe020cd[Running, pool size = 5, active threads = 0, queued tasks = 0, completed tasks = 159]
00:20:36:986  INFO 10552 --- [SpringApplicationShutdownHook] com.zaxxer.hikari.HikariDataSource       : HikariPool-1 - Shutdown initiated...
00:20:36:993  INFO 10552 --- [SpringApplicationShutdownHook] com.zaxxer.hikari.HikariDataSource       : HikariPool-1 - Shutdown completed.
