00:07:07:758 ERROR 26572 --- [com.alibaba.nacos.client.naming.updater.4] com.alibaba.nacos.common.remote.client   : Send request fail, request = ServiceQueryRequest{headers={}, requestId='null'}, retryTimes = 0, errorMessage = java.util.concurrent.TimeoutException: Waited 3000 milliseconds (plus 9 milliseconds, 761900 nanoseconds delay) for com.alibaba.nacos.shaded.io.grpc.stub.ClientCalls$GrpcFuture@618955ee[status=PENDING, info=[GrpcFuture{clientCall={delegate={delegate=ClientCallImpl{method=MethodDescriptor{fullMethodName=Request/request, type=UNARY, idempotent=false, safe=false, sampledToLocalTracing=true, requestMarshaller=com.alibaba.nacos.shaded.io.grpc.protobuf.lite.ProtoLiteUtils$MessageMarshaller@64472e26, responseMarshaller=com.alibaba.nacos.shaded.io.grpc.protobuf.lite.ProtoLiteUtils$MessageMarshaller@71d7f89, schemaDescriptor=com.alibaba.nacos.api.grpc.auto.RequestGrpc$RequestMethodDescriptorSupplier@2c906ca1}}}}}]]
00:07:08:345  INFO 26572 --- [com.alibaba.nacos.client.remote.worker] com.alibaba.nacos.common.remote.client   : [89bf01e8-0998-4693-a643-4d4daa0b3541] Server healthy check fail, currentConnection = 1721144671671_192.168.31.1_49972
00:07:08:345  INFO 26572 --- [com.alibaba.nacos.client.remote.worker] com.alibaba.nacos.common.remote.client   : [89bf01e8-0998-4693-a643-4d4daa0b3541] Try to reconnect to a new server, server is  not appointed, will choose a random server.
00:07:09:417  INFO 26572 --- [com.alibaba.nacos.client.remote.worker] com.alibaba.nacos.common.remote.client   : [39ab40cd-e64a-4d30-9e32-d7b17d022b34_config-0] Server healthy check fail, currentConnection = 1721144663413_192.168.31.1_49948
00:07:09:417  INFO 26572 --- [com.alibaba.nacos.client.remote.worker] com.alibaba.nacos.common.remote.client   : [39ab40cd-e64a-4d30-9e32-d7b17d022b34_config-0] Try to reconnect to a new server, server is  not appointed, will choose a random server.
00:07:09:539  INFO 26572 --- [com.alibaba.nacos.client.remote.worker] com.alibaba.nacos.common.remote.client   : [39ab40cd-e64a-4d30-9e32-d7b17d022b34_config-0] Success to connect a server [192.168.31.68:8848], connectionId = 1721146028347_192.168.31.1_53822
00:07:09:539  INFO 26572 --- [com.alibaba.nacos.client.remote.worker] com.alibaba.nacos.common.remote.client   : [39ab40cd-e64a-4d30-9e32-d7b17d022b34_config-0] Abandon prev connection, server is 192.168.31.68:8848, connectionId is 1721144663413_192.168.31.1_49948
00:07:09:539  INFO 26572 --- [com.alibaba.nacos.client.remote.worker] com.alibaba.nacos.common.remote.client   : Close current connection 1721144663413_192.168.31.1_49948
00:07:09:545  INFO 26572 --- [com.alibaba.nacos.client.remote.worker] com.alibaba.nacos.common.remote.client   : [39ab40cd-e64a-4d30-9e32-d7b17d022b34_config-0] Notify disconnected event to listeners
00:07:09:545  INFO 26572 --- [com.alibaba.nacos.client.remote.worker] com.alibaba.nacos.common.remote.client   : [39ab40cd-e64a-4d30-9e32-d7b17d022b34_config-0] Notify connected event to listeners.
00:07:09:546  WARN 26572 --- [nacos-grpc-client-executor-311] c.a.n.c.remote.client.grpc.GrpcClient    : [1721144663413_192.168.31.1_49948]Ignore error event,isRunning:true,isAbandon=true
00:07:09:878 ERROR 26572 --- [com.alibaba.nacos.client.naming.updater.4] com.alibaba.nacos.common.remote.client   : Send request fail, request = ServiceQueryRequest{headers={app=unknown}, requestId='null'}, retryTimes = 0, errorMessage = Client not connected, current status:UNHEALTHY
00:07:09:987 ERROR 26572 --- [com.alibaba.nacos.client.naming.updater.4] com.alibaba.nacos.common.remote.client   : Send request fail, request = ServiceQueryRequest{headers={app=unknown}, requestId='null'}, retryTimes = 1, errorMessage = Client not connected, current status:UNHEALTHY
00:07:10:096 ERROR 26572 --- [com.alibaba.nacos.client.naming.updater.4] com.alibaba.nacos.common.remote.client   : Send request fail, request = ServiceQueryRequest{headers={app=unknown}, requestId='null'}, retryTimes = 2, errorMessage = Client not connected, current status:UNHEALTHY
00:07:10:421  INFO 26572 --- [nacos-grpc-client-executor-321] com.alibaba.nacos.common.remote.client   : [89bf01e8-0998-4693-a643-4d4daa0b3541] Receive server push request, request = NotifySubscriberRequest, requestId = 109
00:07:10:429  INFO 26572 --- [nacos-grpc-client-executor-321] com.alibaba.nacos.common.remote.client   : [89bf01e8-0998-4693-a643-4d4daa0b3541] Ack server push request, request = NotifySubscriberRequest, requestId = 109
00:07:10:512  INFO 26572 --- [com.alibaba.nacos.client.remote.worker] com.alibaba.nacos.common.remote.client   : [89bf01e8-0998-4693-a643-4d4daa0b3541] Success to connect a server [192.168.31.68:8848], connectionId = 1721146029330_192.168.31.1_53819
00:07:10:512  INFO 26572 --- [com.alibaba.nacos.client.remote.worker] com.alibaba.nacos.common.remote.client   : [89bf01e8-0998-4693-a643-4d4daa0b3541] Abandon prev connection, server is 192.168.31.68:8848, connectionId is 1721144671671_192.168.31.1_49972
00:07:10:512  INFO 26572 --- [com.alibaba.nacos.client.remote.worker] com.alibaba.nacos.common.remote.client   : Close current connection 1721144671671_192.168.31.1_49972
00:07:10:512  INFO 26572 --- [com.alibaba.nacos.client.remote.worker] com.alibaba.nacos.common.remote.client   : [89bf01e8-0998-4693-a643-4d4daa0b3541] Notify disconnected event to listeners
00:07:10:513  WARN 26572 --- [nacos-grpc-client-executor-322] c.a.n.c.remote.client.grpc.GrpcClient    : [1721144671671_192.168.31.1_49972]Ignore error event,isRunning:true,isAbandon=true
00:07:10:513  INFO 26572 --- [com.alibaba.nacos.client.remote.worker] com.alibaba.nacos.common.remote.client   : [89bf01e8-0998-4693-a643-4d4daa0b3541] Notify connected event to listeners.
00:07:10:514  INFO 26572 --- [com.alibaba.nacos.client.remote.worker] com.alibaba.nacos.common.remote.client   : [89bf01e8-0998-4693-a643-4d4daa0b3541] Server check success, currentServer is 192.168.31.68:8848 
00:07:12:836  INFO 26572 --- [nacos-grpc-client-executor-329] com.alibaba.nacos.common.remote.client   : [89bf01e8-0998-4693-a643-4d4daa0b3541] Receive server push request, request = NotifySubscriberRequest, requestId = 115
00:07:12:838  INFO 26572 --- [nacos-grpc-client-executor-329] com.alibaba.nacos.common.remote.client   : [89bf01e8-0998-4693-a643-4d4daa0b3541] Ack server push request, request = NotifySubscriberRequest, requestId = 115
00:07:12:844  INFO 26572 --- [nacos-grpc-client-executor-330] com.alibaba.nacos.common.remote.client   : [89bf01e8-0998-4693-a643-4d4daa0b3541] Receive server push request, request = NotifySubscriberRequest, requestId = 114
00:07:12:844  INFO 26572 --- [nacos-grpc-client-executor-330] com.alibaba.nacos.common.remote.client   : [89bf01e8-0998-4693-a643-4d4daa0b3541] Ack server push request, request = NotifySubscriberRequest, requestId = 114
00:07:12:848  INFO 26572 --- [nacos-grpc-client-executor-331] com.alibaba.nacos.common.remote.client   : [89bf01e8-0998-4693-a643-4d4daa0b3541] Receive server push request, request = NotifySubscriberRequest, requestId = 117
00:07:12:854  INFO 26572 --- [nacos-grpc-client-executor-331] com.alibaba.nacos.common.remote.client   : [89bf01e8-0998-4693-a643-4d4daa0b3541] Ack server push request, request = NotifySubscriberRequest, requestId = 117
00:07:12:861  INFO 26572 --- [nacos-grpc-client-executor-332] com.alibaba.nacos.common.remote.client   : [89bf01e8-0998-4693-a643-4d4daa0b3541] Receive server push request, request = NotifySubscriberRequest, requestId = 118
00:07:12:866  INFO 26572 --- [nacos-grpc-client-executor-332] com.alibaba.nacos.common.remote.client   : [89bf01e8-0998-4693-a643-4d4daa0b3541] Ack server push request, request = NotifySubscriberRequest, requestId = 118
00:07:13:442  INFO 26572 --- [nacos-grpc-client-executor-333] com.alibaba.nacos.common.remote.client   : [89bf01e8-0998-4693-a643-4d4daa0b3541] Receive server push request, request = NotifySubscriberRequest, requestId = 122
00:07:13:446  INFO 26572 --- [nacos-grpc-client-executor-333] com.alibaba.nacos.common.remote.client   : [89bf01e8-0998-4693-a643-4d4daa0b3541] Ack server push request, request = NotifySubscriberRequest, requestId = 122
00:09:22:666  WARN 26572 --- [Thread-5] c.a.nacos.common.notify.NotifyCenter     : [NotifyCenter] Start destroying Publisher
00:09:22:666  WARN 26572 --- [Thread-1] c.a.n.common.http.HttpClientBeanHolder   : [HttpClientBeanHolder] Start destroying common HttpClient
00:09:22:667  WARN 26572 --- [Thread-5] c.a.nacos.common.notify.NotifyCenter     : [NotifyCenter] Destruction of the end
00:09:22:668  WARN 26572 --- [Thread-1] c.a.n.common.http.HttpClientBeanHolder   : [HttpClientBeanHolder] Destruction of the end
00:09:22:679  INFO 26572 --- [SpringApplicationShutdownHook] c.a.c.n.registry.NacosServiceRegistry    : De-registering from Nacos Server now...
00:09:22:683  INFO 26572 --- [SpringApplicationShutdownHook] c.a.c.n.registry.NacosServiceRegistry    : De-registration finished.
00:09:23:015  INFO 26572 --- [SpringApplicationShutdownHook] com.alibaba.nacos.common.remote.client   : Shutdown rpc client, set status to shutdown
00:09:23:015  INFO 26572 --- [SpringApplicationShutdownHook] com.alibaba.nacos.common.remote.client   : Shutdown client event executor java.util.concurrent.ScheduledThreadPoolExecutor@65cbc1[Running, pool size = 2, active threads = 2, queued tasks = 0, completed tasks = 0]
00:09:23:015  INFO 26572 --- [SpringApplicationShutdownHook] com.alibaba.nacos.common.remote.client   : Close current connection 1721146029330_192.168.31.1_53819
00:09:23:016  INFO 26572 --- [SpringApplicationShutdownHook] c.a.n.c.remote.client.grpc.GrpcClient    : Shutdown grpc executor java.util.concurrent.ThreadPoolExecutor@592a177f[Running, pool size = 5, active threads = 0, queued tasks = 0, completed tasks = 363]
10:12:08:008  INFO 44132 --- [main] com.hmall.gateway.GatewayApplication     : The following 1 profile is active: "dev"
10:12:09:063  INFO 44132 --- [main] o.s.cloud.context.scope.GenericScope     : BeanFactory id=f7a1f3fc-8b6f-3294-a68d-9a6f31dd329d
10:12:09:174  INFO 44132 --- [main] trationDelegate$BeanPostProcessorChecker : Bean 'org.springframework.cloud.client.loadbalancer.reactive.LoadBalancerBeanPostProcessorAutoConfiguration' of type [org.springframework.cloud.client.loadbalancer.reactive.LoadBalancerBeanPostProcessorAutoConfiguration] is not eligible for getting processed by all BeanPostProcessors (for example: not eligible for auto-proxying)
10:12:09:176  INFO 44132 --- [main] trationDelegate$BeanPostProcessorChecker : Bean 'org.springframework.cloud.client.loadbalancer.reactive.LoadBalancerBeanPostProcessorAutoConfiguration$ReactorDeferringLoadBalancerFilterConfig' of type [org.springframework.cloud.client.loadbalancer.reactive.LoadBalancerBeanPostProcessorAutoConfiguration$ReactorDeferringLoadBalancerFilterConfig] is not eligible for getting processed by all BeanPostProcessors (for example: not eligible for auto-proxying)
10:12:09:181  INFO 44132 --- [main] trationDelegate$BeanPostProcessorChecker : Bean 'reactorDeferringLoadBalancerExchangeFilterFunction' of type [org.springframework.cloud.client.loadbalancer.reactive.DeferringLoadBalancerExchangeFilterFunction] is not eligible for getting processed by all BeanPostProcessors (for example: not eligible for auto-proxying)
10:12:10:461 DEBUG 44132 --- [main] c.h.gateway.routes.DynamicRouteLoader    : 监听到路由配置信息：[
    {
        "id": "item",
        "predicates": [{
            "name": "Path",
            "args": {"_genkey_0":"/items/**", "_genkey_1":"/search/**"}
        }],
        "filters": [],
        "uri": "lb://item-service"
    },
    {
        "id": "cart",
        "predicates": [{
            "name": "Path",
            "args": {"_genkey_0":"/carts/**"}
        }],
        "filters": [],
        "uri": "lb://cart-service"
    },
    {
        "id": "user",
        "predicates": [{
            "name": "Path",
            "args": {"_genkey_0":"/users/**", "_genkey_1":"/addresses/**"}
        }],
        "filters": [],
        "uri": "lb://user-service"
    },
    {
        "id": "trade",
        "predicates": [{
            "name": "Path",
            "args": {"_genkey_0":"/orders/**"}
        }],
        "filters": [],
        "uri": "lb://trade-service"
    },
    {
        "id": "pay",
        "predicates": [{
            "name": "Path",
            "args": {"_genkey_0":"/pay-orders/**"}
        }],
        "filters": [],
        "uri": "lb://pay-service"
    }
]
10:12:12:178  INFO 44132 --- [main] o.s.cloud.commons.util.InetUtils         : Cannot determine local hostname
10:12:13:415  INFO 44132 --- [main] o.s.cloud.commons.util.InetUtils         : Cannot determine local hostname
10:12:14:062  INFO 44132 --- [main] o.s.c.g.r.RouteDefinitionRouteLocator    : Loaded RoutePredicateFactory [After]
10:12:14:062  INFO 44132 --- [main] o.s.c.g.r.RouteDefinitionRouteLocator    : Loaded RoutePredicateFactory [Before]
10:12:14:062  INFO 44132 --- [main] o.s.c.g.r.RouteDefinitionRouteLocator    : Loaded RoutePredicateFactory [Between]
10:12:14:063  INFO 44132 --- [main] o.s.c.g.r.RouteDefinitionRouteLocator    : Loaded RoutePredicateFactory [Cookie]
10:12:14:063  INFO 44132 --- [main] o.s.c.g.r.RouteDefinitionRouteLocator    : Loaded RoutePredicateFactory [Header]
10:12:14:063  INFO 44132 --- [main] o.s.c.g.r.RouteDefinitionRouteLocator    : Loaded RoutePredicateFactory [Host]
10:12:14:063  INFO 44132 --- [main] o.s.c.g.r.RouteDefinitionRouteLocator    : Loaded RoutePredicateFactory [Method]
10:12:14:063  INFO 44132 --- [main] o.s.c.g.r.RouteDefinitionRouteLocator    : Loaded RoutePredicateFactory [Path]
10:12:14:063  INFO 44132 --- [main] o.s.c.g.r.RouteDefinitionRouteLocator    : Loaded RoutePredicateFactory [Query]
10:12:14:063  INFO 44132 --- [main] o.s.c.g.r.RouteDefinitionRouteLocator    : Loaded RoutePredicateFactory [ReadBody]
10:12:14:063  INFO 44132 --- [main] o.s.c.g.r.RouteDefinitionRouteLocator    : Loaded RoutePredicateFactory [RemoteAddr]
10:12:14:063  INFO 44132 --- [main] o.s.c.g.r.RouteDefinitionRouteLocator    : Loaded RoutePredicateFactory [XForwardedRemoteAddr]
10:12:14:063  INFO 44132 --- [main] o.s.c.g.r.RouteDefinitionRouteLocator    : Loaded RoutePredicateFactory [Weight]
10:12:14:064  INFO 44132 --- [main] o.s.c.g.r.RouteDefinitionRouteLocator    : Loaded RoutePredicateFactory [CloudFoundryRouteService]
10:12:15:668  INFO 44132 --- [main] o.s.cloud.commons.util.InetUtils         : Cannot determine local hostname
10:12:15:993  INFO 44132 --- [main] com.alibaba.nacos.common.remote.client   : [RpcClientFactory] create a new rpc client of f8b57fb8-c3f2-4a89-b9fe-0c543c9e829f
10:12:15:993  INFO 44132 --- [main] com.alibaba.nacos.common.remote.client   : [f8b57fb8-c3f2-4a89-b9fe-0c543c9e829f] RpcClient init label, labels = {module=naming, source=sdk}
10:12:15:995  INFO 44132 --- [main] com.alibaba.nacos.common.remote.client   : [f8b57fb8-c3f2-4a89-b9fe-0c543c9e829f] RpcClient init, ServerListFactory = com.alibaba.nacos.client.naming.core.ServerListManager
10:12:15:995  INFO 44132 --- [main] com.alibaba.nacos.common.remote.client   : [f8b57fb8-c3f2-4a89-b9fe-0c543c9e829f] Registry connection listener to current client:com.alibaba.nacos.client.naming.remote.gprc.redo.NamingGrpcRedoService
10:12:15:995  INFO 44132 --- [main] com.alibaba.nacos.common.remote.client   : [f8b57fb8-c3f2-4a89-b9fe-0c543c9e829f] Register server push request handler:com.alibaba.nacos.client.naming.remote.gprc.NamingPushRequestHandler
10:12:15:996  INFO 44132 --- [main] com.alibaba.nacos.common.remote.client   : [f8b57fb8-c3f2-4a89-b9fe-0c543c9e829f] Try to connect to server on start up, server: {serverIp = '192.168.31.68', server main port = 8848}
10:12:16:136  INFO 44132 --- [main] com.alibaba.nacos.common.remote.client   : [f8b57fb8-c3f2-4a89-b9fe-0c543c9e829f] Success to connect to server [192.168.31.68:8848] on start up, connectionId = 1721182335364_192.168.31.1_60768
10:12:16:136  INFO 44132 --- [main] com.alibaba.nacos.common.remote.client   : [f8b57fb8-c3f2-4a89-b9fe-0c543c9e829f] Register server push request handler:com.alibaba.nacos.common.remote.client.RpcClient$ConnectResetRequestHandler
10:12:16:136  INFO 44132 --- [com.alibaba.nacos.client.remote.worker] com.alibaba.nacos.common.remote.client   : [f8b57fb8-c3f2-4a89-b9fe-0c543c9e829f] Notify connected event to listeners.
10:12:16:136  INFO 44132 --- [main] com.alibaba.nacos.common.remote.client   : [f8b57fb8-c3f2-4a89-b9fe-0c543c9e829f] Register server push request handler:com.alibaba.nacos.common.remote.client.RpcClient$$Lambda$477/0x00000008010e0668
10:12:16:459  INFO 44132 --- [main] o.s.b.web.embedded.netty.NettyWebServer  : Netty started on port 8080
10:12:16:722  INFO 44132 --- [nacos-grpc-client-executor-4] com.alibaba.nacos.common.remote.client   : [f8b57fb8-c3f2-4a89-b9fe-0c543c9e829f] Receive server push request, request = NotifySubscriberRequest, requestId = 124
10:12:16:737  INFO 44132 --- [nacos-grpc-client-executor-4] com.alibaba.nacos.common.remote.client   : [f8b57fb8-c3f2-4a89-b9fe-0c543c9e829f] Ack server push request, request = NotifySubscriberRequest, requestId = 124
10:12:17:712  INFO 44132 --- [main] o.s.cloud.commons.util.InetUtils         : Cannot determine local hostname
10:12:19:019  INFO 44132 --- [main] o.s.cloud.commons.util.InetUtils         : Cannot determine local hostname
10:12:19:034  INFO 44132 --- [main] c.a.c.n.registry.NacosServiceRegistry    : nacos registry, DEFAULT_GROUP gateway 192.168.249.233:8080 register finished
10:12:19:073  INFO 44132 --- [main] com.hmall.gateway.GatewayApplication     : Started GatewayApplication in 16.774 seconds (JVM running for 17.978)
10:12:19:080  INFO 44132 --- [main] c.a.c.n.refresh.NacosContextRefresher    : [Nacos Config] Listening config: dataId=gateway.yaml, group=DEFAULT_GROUP
10:12:19:081  INFO 44132 --- [main] c.a.c.n.refresh.NacosContextRefresher    : [Nacos Config] Listening config: dataId=gateway-dev.yaml, group=DEFAULT_GROUP
10:12:19:082  INFO 44132 --- [main] c.a.c.n.refresh.NacosContextRefresher    : [Nacos Config] Listening config: dataId=gateway, group=DEFAULT_GROUP
10:12:19:625  INFO 44132 --- [nacos-grpc-client-executor-10] com.alibaba.nacos.common.remote.client   : [f8b57fb8-c3f2-4a89-b9fe-0c543c9e829f] Receive server push request, request = NotifySubscriberRequest, requestId = 126
10:12:19:639  INFO 44132 --- [nacos-grpc-client-executor-10] com.alibaba.nacos.common.remote.client   : [f8b57fb8-c3f2-4a89-b9fe-0c543c9e829f] Ack server push request, request = NotifySubscriberRequest, requestId = 126
10:21:23:406  INFO 44132 --- [nacos-grpc-client-executor-123] com.alibaba.nacos.common.remote.client   : [f8b57fb8-c3f2-4a89-b9fe-0c543c9e829f] Receive server push request, request = NotifySubscriberRequest, requestId = 136
10:21:23:408  INFO 44132 --- [nacos-grpc-client-executor-123] com.alibaba.nacos.common.remote.client   : [f8b57fb8-c3f2-4a89-b9fe-0c543c9e829f] Ack server push request, request = NotifySubscriberRequest, requestId = 136
10:21:24:409  INFO 44132 --- [nacos-grpc-client-executor-127] com.alibaba.nacos.common.remote.client   : [f8b57fb8-c3f2-4a89-b9fe-0c543c9e829f] Receive server push request, request = NotifySubscriberRequest, requestId = 137
10:21:24:409  INFO 44132 --- [nacos-grpc-client-executor-127] com.alibaba.nacos.common.remote.client   : [f8b57fb8-c3f2-4a89-b9fe-0c543c9e829f] Ack server push request, request = NotifySubscriberRequest, requestId = 137
10:23:36:227  INFO 44132 --- [nacos-grpc-client-executor-158] com.alibaba.nacos.common.remote.client   : [f8b57fb8-c3f2-4a89-b9fe-0c543c9e829f] Receive server push request, request = NotifySubscriberRequest, requestId = 139
10:23:36:227  INFO 44132 --- [nacos-grpc-client-executor-158] com.alibaba.nacos.common.remote.client   : [f8b57fb8-c3f2-4a89-b9fe-0c543c9e829f] Ack server push request, request = NotifySubscriberRequest, requestId = 139
10:41:41:520  INFO 44132 --- [nacos-grpc-client-executor-403] com.alibaba.nacos.common.remote.client   : [f8b57fb8-c3f2-4a89-b9fe-0c543c9e829f] Receive server push request, request = NotifySubscriberRequest, requestId = 140
10:41:41:527  INFO 44132 --- [nacos-grpc-client-executor-403] com.alibaba.nacos.common.remote.client   : [f8b57fb8-c3f2-4a89-b9fe-0c543c9e829f] Ack server push request, request = NotifySubscriberRequest, requestId = 140
10:41:56:817  INFO 44132 --- [nacos-grpc-client-executor-406] com.alibaba.nacos.common.remote.client   : [f8b57fb8-c3f2-4a89-b9fe-0c543c9e829f] Receive server push request, request = NotifySubscriberRequest, requestId = 142
10:41:56:823  INFO 44132 --- [nacos-grpc-client-executor-406] com.alibaba.nacos.common.remote.client   : [f8b57fb8-c3f2-4a89-b9fe-0c543c9e829f] Ack server push request, request = NotifySubscriberRequest, requestId = 142
