17:37:14:672  INFO 25792 --- [main] com.hmall.trade.TradeApplication         : Starting TradeApplication using Java 17.0.6 on hitori with PID 25792 (D:\demo\hmall\trade-service\target\classes started by dutyzero in D:\demo\hmall)
17:37:14:672 DEBUG 25792 --- [main] com.hmall.trade.TradeApplication         : Running with Spring Boot v2.7.12, Spring v5.3.27
17:37:14:673  INFO 25792 --- [main] com.hmall.trade.TradeApplication         : The following 1 profile is active: "local"
17:37:15:548  INFO 25792 --- [main] o.s.cloud.context.scope.GenericScope     : BeanFactory id=3331b7c4-9d1e-3760-b2a7-4a9b634697ba
17:37:15:948  INFO 25792 --- [main] o.s.b.w.embedded.tomcat.TomcatWebServer  : Tomcat initialized with port(s): 8085 (http)
17:37:15:960  INFO 25792 --- [main] o.apache.catalina.core.StandardService   : Starting service [Tomcat]
17:37:15:961  INFO 25792 --- [main] org.apache.catalina.core.StandardEngine  : Starting Servlet engine: [Apache Tomcat/9.0.75]
17:37:16:094  INFO 25792 --- [main] o.a.c.c.C.[Tomcat].[localhost].[/]       : Initializing Spring embedded WebApplicationContext
17:37:16:094  INFO 25792 --- [main] w.s.c.ServletWebServerApplicationContext : Root WebApplicationContext: initialization completed in 1378 ms
17:37:16:560  INFO 25792 --- [main] o.s.c.openfeign.FeignClientFactoryBean   : For 'item-service' URL not provided. Will try picking an instance via load-balancing.
17:37:16:602  INFO 25792 --- [main] o.s.c.openfeign.FeignClientFactoryBean   : For 'cart-service' URL not provided. Will try picking an instance via load-balancing.
17:37:17:121  INFO 25792 --- [main] pertySourcedRequestMappingHandlerMapping : Mapped URL path [/v2/api-docs] onto method [springfox.documentation.swagger2.web.Swagger2ControllerWebMvc#getDocumentation(String, HttpServletRequest)]
17:37:17:429  INFO 25792 --- [main] com.alibaba.nacos.common.remote.client   : [RpcClientFactory] create a new rpc client of 460a8540-9831-4782-9cb2-488518a3a20d
17:37:17:481  INFO 25792 --- [main] org.reflections.Reflections              : Reflections took 25 ms to scan 1 urls, producing 3 keys and 6 values 
17:37:17:502  INFO 25792 --- [main] org.reflections.Reflections              : Reflections took 7 ms to scan 1 urls, producing 4 keys and 9 values 
17:37:17:510  INFO 25792 --- [main] org.reflections.Reflections              : Reflections took 5 ms to scan 1 urls, producing 3 keys and 10 values 
17:37:17:511  WARN 25792 --- [main] org.reflections.Reflections              : given scan urls are empty. set urls in the configuration
17:37:17:520  INFO 25792 --- [main] org.reflections.Reflections              : Reflections took 8 ms to scan 1 urls, producing 1 keys and 5 values 
17:37:17:528  INFO 25792 --- [main] org.reflections.Reflections              : Reflections took 6 ms to scan 1 urls, producing 1 keys and 7 values 
17:37:17:535  INFO 25792 --- [main] org.reflections.Reflections              : Reflections took 5 ms to scan 1 urls, producing 2 keys and 8 values 
17:37:17:537  WARN 25792 --- [main] org.reflections.Reflections              : given scan urls are empty. set urls in the configuration
17:37:17:537  INFO 25792 --- [main] com.alibaba.nacos.common.remote.client   : [460a8540-9831-4782-9cb2-488518a3a20d] RpcClient init label, labels = {module=naming, source=sdk}
17:37:17:539  INFO 25792 --- [main] com.alibaba.nacos.common.remote.client   : [460a8540-9831-4782-9cb2-488518a3a20d] RpcClient init, ServerListFactory = com.alibaba.nacos.client.naming.core.ServerListManager
17:37:17:539  INFO 25792 --- [main] com.alibaba.nacos.common.remote.client   : [460a8540-9831-4782-9cb2-488518a3a20d] Registry connection listener to current client:com.alibaba.nacos.client.naming.remote.gprc.redo.NamingGrpcRedoService
17:37:17:540  INFO 25792 --- [main] com.alibaba.nacos.common.remote.client   : [460a8540-9831-4782-9cb2-488518a3a20d] Register server push request handler:com.alibaba.nacos.client.naming.remote.gprc.NamingPushRequestHandler
17:37:17:541  INFO 25792 --- [main] com.alibaba.nacos.common.remote.client   : [460a8540-9831-4782-9cb2-488518a3a20d] Try to connect to server on start up, server: {serverIp = '192.168.31.68', server main port = 8848}
17:37:18:370  INFO 25792 --- [main] com.alibaba.nacos.common.remote.client   : [460a8540-9831-4782-9cb2-488518a3a20d] Success to connect to server [192.168.31.68:8848] on start up, connectionId = 1720690640380_192.168.31.62_64953
17:37:18:371  INFO 25792 --- [com.alibaba.nacos.client.remote.worker] com.alibaba.nacos.common.remote.client   : [460a8540-9831-4782-9cb2-488518a3a20d] Notify connected event to listeners.
17:37:18:371  INFO 25792 --- [main] com.alibaba.nacos.common.remote.client   : [460a8540-9831-4782-9cb2-488518a3a20d] Register server push request handler:com.alibaba.nacos.common.remote.client.RpcClient$ConnectResetRequestHandler
17:37:18:371  INFO 25792 --- [main] com.alibaba.nacos.common.remote.client   : [460a8540-9831-4782-9cb2-488518a3a20d] Register server push request handler:com.alibaba.nacos.common.remote.client.RpcClient$$Lambda$987/0x000000080138fb78
17:37:18:413  INFO 25792 --- [main] o.s.b.w.embedded.tomcat.TomcatWebServer  : Tomcat started on port(s): 8085 (http) with context path ''
17:37:18:421  INFO 25792 --- [main] c.a.c.n.registry.NacosServiceRegistry    : nacos registry, DEFAULT_GROUP trade-service 192.168.31.62:8085 register finished
17:37:18:543  INFO 25792 --- [main] d.s.w.p.DocumentationPluginsBootstrapper : Documentation plugins bootstrapped
17:37:18:545  INFO 25792 --- [main] d.s.w.p.DocumentationPluginsBootstrapper : Found 1 custom documentation plugin(s)
17:37:18:564  INFO 25792 --- [main] s.d.s.w.s.ApiListingReferenceScanner     : Scanning for api listing references
17:37:18:662  INFO 25792 --- [main] com.hmall.trade.TradeApplication         : Started TradeApplication in 4.623 seconds (JVM running for 5.56)
17:37:18:992  INFO 25792 --- [nacos-grpc-client-executor-9] com.alibaba.nacos.common.remote.client   : [460a8540-9831-4782-9cb2-488518a3a20d] Receive server push request, request = NotifySubscriberRequest, requestId = 28
17:37:18:994  INFO 25792 --- [nacos-grpc-client-executor-9] com.alibaba.nacos.common.remote.client   : [460a8540-9831-4782-9cb2-488518a3a20d] Ack server push request, request = NotifySubscriberRequest, requestId = 28
17:37:25:769  INFO 25792 --- [http-nio-8085-exec-1] o.a.c.c.C.[Tomcat].[localhost].[/]       : Initializing Spring DispatcherServlet 'dispatcherServlet'
17:37:25:770  INFO 25792 --- [http-nio-8085-exec-1] o.s.web.servlet.DispatcherServlet        : Initializing Servlet 'dispatcherServlet'
17:37:25:771  INFO 25792 --- [http-nio-8085-exec-1] o.s.web.servlet.DispatcherServlet        : Completed initialization in 1 ms
17:38:08:180  INFO 25792 --- [http-nio-8085-exec-8] com.zaxxer.hikari.HikariDataSource       : HikariPool-1 - Starting...
17:38:08:448  INFO 25792 --- [http-nio-8085-exec-8] com.zaxxer.hikari.HikariDataSource       : HikariPool-1 - Start completed.
17:38:08:455 DEBUG 25792 --- [http-nio-8085-exec-8] c.h.trade.mapper.OrderMapper.selectById  : ==>  Preparing: SELECT id,total_fee,payment_type,user_id,status,create_time,pay_time,consign_time,end_time,close_time,comment_time,update_time FROM `order` WHERE id=?
17:38:08:480 DEBUG 25792 --- [http-nio-8085-exec-8] c.h.trade.mapper.OrderMapper.selectById  : ==> Parameters: 1654779387523936258(Long)
17:38:08:509 DEBUG 25792 --- [http-nio-8085-exec-8] c.h.trade.mapper.OrderMapper.selectById  : <==      Total: 1
