20:21:47:913  INFO 11412 --- [main] com.hmall.item.ItemApplication           : Starting ItemApplication using Java 17.0.6 on hitori with PID 11412 (D:\demo\hmall\item-service\target\classes started by dutyzero in D:\demo\hmall)
20:21:47:918 DEBUG 11412 --- [main] com.hmall.item.ItemApplication           : Running with Spring Boot v2.7.12, Spring v5.3.27
20:21:47:919  INFO 11412 --- [main] com.hmall.item.ItemApplication           : The following 1 profile is active: "local"
20:21:49:008  INFO 6532 --- [main] com.hmall.item.ItemApplication           : Starting ItemApplication using Java 17.0.6 on hitori with PID 6532 (D:\demo\hmall\item-service\target\classes started by dutyzero in D:\demo\hmall)
20:21:49:013 DEBUG 6532 --- [main] com.hmall.item.ItemApplication           : Running with Spring Boot v2.7.12, Spring v5.3.27
20:21:49:014  INFO 6532 --- [main] com.hmall.item.ItemApplication           : The following 1 profile is active: "local"
20:21:49:318  INFO 11412 --- [main] o.s.cloud.context.scope.GenericScope     : BeanFactory id=927ef463-f6c8-3ecb-906c-1c0427f9f88a
20:21:49:792  INFO 11412 --- [main] o.s.b.w.embedded.tomcat.TomcatWebServer  : Tomcat initialized with port(s): 8081 (http)
20:21:49:803  INFO 11412 --- [main] o.apache.catalina.core.StandardService   : Starting service [Tomcat]
20:21:49:804  INFO 11412 --- [main] org.apache.catalina.core.StandardEngine  : Starting Servlet engine: [Apache Tomcat/9.0.75]
20:21:49:930  INFO 11412 --- [main] o.a.c.c.C.[Tomcat].[localhost].[/]       : Initializing Spring embedded WebApplicationContext
20:21:49:931  INFO 11412 --- [main] w.s.c.ServletWebServerApplicationContext : Root WebApplicationContext: initialization completed in 1948 ms
20:21:50:298  INFO 6532 --- [main] o.s.cloud.context.scope.GenericScope     : BeanFactory id=927ef463-f6c8-3ecb-906c-1c0427f9f88a
20:21:50:762  INFO 6532 --- [main] o.s.b.w.embedded.tomcat.TomcatWebServer  : Tomcat initialized with port(s): 8083 (http)
20:21:50:778  INFO 6532 --- [main] o.apache.catalina.core.StandardService   : Starting service [Tomcat]
20:21:50:780  INFO 6532 --- [main] org.apache.catalina.core.StandardEngine  : Starting Servlet engine: [Apache Tomcat/9.0.75]
20:21:50:972  INFO 6532 --- [main] o.a.c.c.C.[Tomcat].[localhost].[/]       : Initializing Spring embedded WebApplicationContext
20:21:50:972  INFO 6532 --- [main] w.s.c.ServletWebServerApplicationContext : Root WebApplicationContext: initialization completed in 1891 ms
20:21:52:350  INFO 11412 --- [main] o.s.cloud.commons.util.InetUtils         : Cannot determine local hostname
20:21:52:392  INFO 11412 --- [main] pertySourcedRequestMappingHandlerMapping : Mapped URL path [/v2/api-docs] onto method [springfox.documentation.swagger2.web.Swagger2ControllerWebMvc#getDocumentation(String, HttpServletRequest)]
20:21:53:339  INFO 6532 --- [main] o.s.cloud.commons.util.InetUtils         : Cannot determine local hostname
20:21:53:379  INFO 6532 --- [main] pertySourcedRequestMappingHandlerMapping : Mapped URL path [/v2/api-docs] onto method [springfox.documentation.swagger2.web.Swagger2ControllerWebMvc#getDocumentation(String, HttpServletRequest)]
20:21:53:634  INFO 11412 --- [main] o.s.cloud.commons.util.InetUtils         : Cannot determine local hostname
20:21:53:800  INFO 11412 --- [main] com.alibaba.nacos.common.remote.client   : [RpcClientFactory] create a new rpc client of c1471f4b-53ae-4d2d-9937-6c1a56811b31
20:21:53:880  INFO 11412 --- [main] org.reflections.Reflections              : Reflections took 36 ms to scan 1 urls, producing 3 keys and 6 values 
20:21:53:909  INFO 11412 --- [main] org.reflections.Reflections              : Reflections took 12 ms to scan 1 urls, producing 4 keys and 9 values 
20:21:53:918  INFO 11412 --- [main] org.reflections.Reflections              : Reflections took 7 ms to scan 1 urls, producing 3 keys and 10 values 
20:21:53:920  WARN 11412 --- [main] org.reflections.Reflections              : given scan urls are empty. set urls in the configuration
20:21:53:927  INFO 11412 --- [main] org.reflections.Reflections              : Reflections took 6 ms to scan 1 urls, producing 1 keys and 5 values 
20:21:53:936  INFO 11412 --- [main] org.reflections.Reflections              : Reflections took 7 ms to scan 1 urls, producing 1 keys and 7 values 
20:21:53:945  INFO 11412 --- [main] org.reflections.Reflections              : Reflections took 6 ms to scan 1 urls, producing 2 keys and 8 values 
20:21:53:947  WARN 11412 --- [main] org.reflections.Reflections              : given scan urls are empty. set urls in the configuration
20:21:53:948  INFO 11412 --- [main] com.alibaba.nacos.common.remote.client   : [c1471f4b-53ae-4d2d-9937-6c1a56811b31] RpcClient init label, labels = {module=naming, source=sdk}
20:21:53:950  INFO 11412 --- [main] com.alibaba.nacos.common.remote.client   : [c1471f4b-53ae-4d2d-9937-6c1a56811b31] RpcClient init, ServerListFactory = com.alibaba.nacos.client.naming.core.ServerListManager
20:21:53:950  INFO 11412 --- [main] com.alibaba.nacos.common.remote.client   : [c1471f4b-53ae-4d2d-9937-6c1a56811b31] Registry connection listener to current client:com.alibaba.nacos.client.naming.remote.gprc.redo.NamingGrpcRedoService
20:21:53:950  INFO 11412 --- [main] com.alibaba.nacos.common.remote.client   : [c1471f4b-53ae-4d2d-9937-6c1a56811b31] Register server push request handler:com.alibaba.nacos.client.naming.remote.gprc.NamingPushRequestHandler
20:21:53:953  INFO 11412 --- [main] com.alibaba.nacos.common.remote.client   : [c1471f4b-53ae-4d2d-9937-6c1a56811b31] Try to connect to server on start up, server: {serverIp = '192.168.31.68', server main port = 8848}
20:21:54:635  INFO 6532 --- [main] o.s.cloud.commons.util.InetUtils         : Cannot determine local hostname
20:21:54:771  INFO 6532 --- [main] com.alibaba.nacos.common.remote.client   : [RpcClientFactory] create a new rpc client of 2e9b118f-960c-49c4-a479-e1249fb3d73c
20:21:54:840  INFO 6532 --- [main] org.reflections.Reflections              : Reflections took 30 ms to scan 1 urls, producing 3 keys and 6 values 
20:21:54:877  INFO 6532 --- [main] org.reflections.Reflections              : Reflections took 16 ms to scan 1 urls, producing 4 keys and 9 values 
20:21:54:888  INFO 6532 --- [main] org.reflections.Reflections              : Reflections took 7 ms to scan 1 urls, producing 3 keys and 10 values 
20:21:54:890  WARN 6532 --- [main] org.reflections.Reflections              : given scan urls are empty. set urls in the configuration
20:21:54:898  INFO 6532 --- [main] org.reflections.Reflections              : Reflections took 6 ms to scan 1 urls, producing 1 keys and 5 values 
20:21:54:910  INFO 6532 --- [main] org.reflections.Reflections              : Reflections took 10 ms to scan 1 urls, producing 1 keys and 7 values 
20:21:54:919  INFO 6532 --- [main] org.reflections.Reflections              : Reflections took 6 ms to scan 1 urls, producing 2 keys and 8 values 
20:21:54:921  WARN 6532 --- [main] org.reflections.Reflections              : given scan urls are empty. set urls in the configuration
20:21:54:923  INFO 6532 --- [main] com.alibaba.nacos.common.remote.client   : [2e9b118f-960c-49c4-a479-e1249fb3d73c] RpcClient init label, labels = {module=naming, source=sdk}
20:21:54:925  INFO 6532 --- [main] com.alibaba.nacos.common.remote.client   : [2e9b118f-960c-49c4-a479-e1249fb3d73c] RpcClient init, ServerListFactory = com.alibaba.nacos.client.naming.core.ServerListManager
20:21:54:925  INFO 6532 --- [main] com.alibaba.nacos.common.remote.client   : [2e9b118f-960c-49c4-a479-e1249fb3d73c] Registry connection listener to current client:com.alibaba.nacos.client.naming.remote.gprc.redo.NamingGrpcRedoService
20:21:54:926  INFO 6532 --- [main] com.alibaba.nacos.common.remote.client   : [2e9b118f-960c-49c4-a479-e1249fb3d73c] Register server push request handler:com.alibaba.nacos.client.naming.remote.gprc.NamingPushRequestHandler
20:21:54:927  INFO 6532 --- [main] com.alibaba.nacos.common.remote.client   : [2e9b118f-960c-49c4-a479-e1249fb3d73c] Try to connect to server on start up, server: {serverIp = '192.168.31.68', server main port = 8848}
20:21:55:008  INFO 11412 --- [main] com.alibaba.nacos.common.remote.client   : [c1471f4b-53ae-4d2d-9937-6c1a56811b31] Success to connect to server [192.168.31.68:8848] on start up, connectionId = 1721046114396_192.168.31.1_54912
20:21:55:009  INFO 11412 --- [com.alibaba.nacos.client.remote.worker] com.alibaba.nacos.common.remote.client   : [c1471f4b-53ae-4d2d-9937-6c1a56811b31] Notify connected event to listeners.
20:21:55:009  INFO 11412 --- [main] com.alibaba.nacos.common.remote.client   : [c1471f4b-53ae-4d2d-9937-6c1a56811b31] Register server push request handler:com.alibaba.nacos.common.remote.client.RpcClient$ConnectResetRequestHandler
20:21:55:009  INFO 11412 --- [main] com.alibaba.nacos.common.remote.client   : [c1471f4b-53ae-4d2d-9937-6c1a56811b31] Register server push request handler:com.alibaba.nacos.common.remote.client.RpcClient$$Lambda$914/0x00000008013258e0
20:21:55:080  INFO 11412 --- [main] o.s.b.w.embedded.tomcat.TomcatWebServer  : Tomcat started on port(s): 8081 (http) with context path ''
20:21:55:098  INFO 11412 --- [main] c.a.c.n.registry.NacosServiceRegistry    : nacos registry, DEFAULT_GROUP item-service 192.168.249.233:8081 register finished
20:21:55:584  INFO 11412 --- [nacos-grpc-client-executor-11] com.alibaba.nacos.common.remote.client   : [c1471f4b-53ae-4d2d-9937-6c1a56811b31] Receive server push request, request = NotifySubscriberRequest, requestId = 4
20:21:55:598  INFO 11412 --- [nacos-grpc-client-executor-11] com.alibaba.nacos.common.remote.client   : [c1471f4b-53ae-4d2d-9937-6c1a56811b31] Ack server push request, request = NotifySubscriberRequest, requestId = 4
20:21:56:103  INFO 6532 --- [main] com.alibaba.nacos.common.remote.client   : [2e9b118f-960c-49c4-a479-e1249fb3d73c] Success to connect to server [192.168.31.68:8848] on start up, connectionId = 1721046115487_192.168.31.1_54914
20:21:56:104  INFO 6532 --- [com.alibaba.nacos.client.remote.worker] com.alibaba.nacos.common.remote.client   : [2e9b118f-960c-49c4-a479-e1249fb3d73c] Notify connected event to listeners.
20:21:56:104  INFO 6532 --- [main] com.alibaba.nacos.common.remote.client   : [2e9b118f-960c-49c4-a479-e1249fb3d73c] Register server push request handler:com.alibaba.nacos.common.remote.client.RpcClient$ConnectResetRequestHandler
20:21:56:104  INFO 6532 --- [main] com.alibaba.nacos.common.remote.client   : [2e9b118f-960c-49c4-a479-e1249fb3d73c] Register server push request handler:com.alibaba.nacos.common.remote.client.RpcClient$$Lambda$914/0x0000000801324958
20:21:56:165  INFO 6532 --- [main] o.s.b.w.embedded.tomcat.TomcatWebServer  : Tomcat started on port(s): 8083 (http) with context path ''
20:21:56:180  INFO 6532 --- [main] c.a.c.n.registry.NacosServiceRegistry    : nacos registry, DEFAULT_GROUP item-service 192.168.249.233:8083 register finished
20:21:56:306  INFO 11412 --- [main] o.s.cloud.commons.util.InetUtils         : Cannot determine local hostname
20:21:56:306  INFO 11412 --- [main] d.s.w.p.DocumentationPluginsBootstrapper : Documentation plugins bootstrapped
20:21:56:311  INFO 11412 --- [main] d.s.w.p.DocumentationPluginsBootstrapper : Found 1 custom documentation plugin(s)
20:21:56:344  INFO 11412 --- [main] s.d.s.w.s.ApiListingReferenceScanner     : Scanning for api listing references
20:21:56:460  INFO 11412 --- [main] com.hmall.item.ItemApplication           : Started ItemApplication in 10.37 seconds (JVM running for 11.232)
20:21:56:674  INFO 11412 --- [nacos-grpc-client-executor-14] com.alibaba.nacos.common.remote.client   : [c1471f4b-53ae-4d2d-9937-6c1a56811b31] Receive server push request, request = NotifySubscriberRequest, requestId = 5
20:21:56:681  INFO 11412 --- [nacos-grpc-client-executor-14] com.alibaba.nacos.common.remote.client   : [c1471f4b-53ae-4d2d-9937-6c1a56811b31] Ack server push request, request = NotifySubscriberRequest, requestId = 5
20:21:56:687  INFO 6532 --- [nacos-grpc-client-executor-10] com.alibaba.nacos.common.remote.client   : [2e9b118f-960c-49c4-a479-e1249fb3d73c] Receive server push request, request = NotifySubscriberRequest, requestId = 6
20:21:56:695  INFO 6532 --- [nacos-grpc-client-executor-10] com.alibaba.nacos.common.remote.client   : [2e9b118f-960c-49c4-a479-e1249fb3d73c] Ack server push request, request = NotifySubscriberRequest, requestId = 6
20:21:57:365  INFO 6532 --- [main] o.s.cloud.commons.util.InetUtils         : Cannot determine local hostname
20:21:57:365  INFO 6532 --- [main] d.s.w.p.DocumentationPluginsBootstrapper : Documentation plugins bootstrapped
20:21:57:369  INFO 6532 --- [main] d.s.w.p.DocumentationPluginsBootstrapper : Found 1 custom documentation plugin(s)
20:21:57:402  INFO 6532 --- [main] s.d.s.w.s.ApiListingReferenceScanner     : Scanning for api listing references
20:21:57:545  INFO 6532 --- [main] com.hmall.item.ItemApplication           : Started ItemApplication in 10.38 seconds (JVM running for 11.181)
21:17:24:844  INFO 6532 --- [com.alibaba.nacos.client.remote.worker] com.alibaba.nacos.common.remote.client   : [2e9b118f-960c-49c4-a479-e1249fb3d73c] Server healthy check fail, currentConnection = 1721046115487_192.168.31.1_54914
21:17:24:845  INFO 6532 --- [com.alibaba.nacos.client.remote.worker] com.alibaba.nacos.common.remote.client   : [2e9b118f-960c-49c4-a479-e1249fb3d73c] Try to reconnect to a new server, server is  not appointed, will choose a random server.
21:17:27:861 ERROR 6532 --- [com.alibaba.nacos.client.remote.worker] c.a.n.c.remote.client.grpc.GrpcClient    : Server check fail, please check server 192.168.31.68 ,port 9848 is available , error ={}

java.util.concurrent.TimeoutException: Waited 3000 milliseconds (plus 10 milliseconds, 619900 nanoseconds delay) for com.alibaba.nacos.shaded.io.grpc.stub.ClientCalls$GrpcFuture@5b1a5ccd[status=PENDING, info=[GrpcFuture{clientCall={delegate={delegate=ClientCallImpl{method=MethodDescriptor{fullMethodName=Request/request, type=UNARY, idempotent=false, safe=false, sampledToLocalTracing=true, requestMarshaller=com.alibaba.nacos.shaded.io.grpc.protobuf.lite.ProtoLiteUtils$MessageMarshaller@23d8f6a3, responseMarshaller=com.alibaba.nacos.shaded.io.grpc.protobuf.lite.ProtoLiteUtils$MessageMarshaller@74ed4c28, schemaDescriptor=com.alibaba.nacos.api.grpc.auto.RequestGrpc$RequestMethodDescriptorSupplier@4f16d2bb}}}}}]]
	at com.alibaba.nacos.shaded.com.google.common.util.concurrent.AbstractFuture.get(AbstractFuture.java:508) ~[nacos-client-2.0.4.jar:na]
	at com.alibaba.nacos.common.remote.client.grpc.GrpcClient.serverCheck(GrpcClient.java:148) ~[nacos-client-2.0.4.jar:na]
	at com.alibaba.nacos.common.remote.client.grpc.GrpcClient.connectToServer(GrpcClient.java:264) ~[nacos-client-2.0.4.jar:na]
	at com.alibaba.nacos.common.remote.client.RpcClient.reconnect(RpcClient.java:522) ~[nacos-client-2.0.4.jar:na]
	at com.alibaba.nacos.common.remote.client.RpcClient.lambda$start$2(RpcClient.java:370) ~[nacos-client-2.0.4.jar:na]
	at java.base/java.util.concurrent.Executors$RunnableAdapter.call(Executors.java:539) ~[na:na]
	at java.base/java.util.concurrent.FutureTask.run$$$capture(FutureTask.java:264) ~[na:na]
	at java.base/java.util.concurrent.FutureTask.run(FutureTask.java) ~[na:na]
	at java.base/java.util.concurrent.ScheduledThreadPoolExecutor$ScheduledFutureTask.run(ScheduledThreadPoolExecutor.java:304) ~[na:na]
	at java.base/java.util.concurrent.ThreadPoolExecutor.runWorker(ThreadPoolExecutor.java:1136) ~[na:na]
	at java.base/java.util.concurrent.ThreadPoolExecutor$Worker.run(ThreadPoolExecutor.java:635) ~[na:na]
	at java.base/java.lang.Thread.run(Thread.java:833) ~[na:na]

21:17:29:103  INFO 6532 --- [com.alibaba.nacos.client.remote.worker] com.alibaba.nacos.common.remote.client   : [2e9b118f-960c-49c4-a479-e1249fb3d73c] Success to connect a server [192.168.31.68:8848], connectionId = 1721049448544_192.168.31.1_62340
21:17:29:103  INFO 6532 --- [com.alibaba.nacos.client.remote.worker] com.alibaba.nacos.common.remote.client   : [2e9b118f-960c-49c4-a479-e1249fb3d73c] Abandon prev connection, server is 192.168.31.68:8848, connectionId is 1721046115487_192.168.31.1_54914
21:17:29:103  INFO 6532 --- [com.alibaba.nacos.client.remote.worker] com.alibaba.nacos.common.remote.client   : Close current connection 1721046115487_192.168.31.1_54914
21:17:29:103  INFO 6532 --- [com.alibaba.nacos.client.remote.worker] com.alibaba.nacos.common.remote.client   : [2e9b118f-960c-49c4-a479-e1249fb3d73c] Notify disconnected event to listeners
21:17:29:105  INFO 6532 --- [com.alibaba.nacos.client.remote.worker] com.alibaba.nacos.common.remote.client   : [2e9b118f-960c-49c4-a479-e1249fb3d73c] Notify connected event to listeners.
21:17:29:107  WARN 6532 --- [nacos-grpc-client-executor-686] c.a.n.c.remote.client.grpc.GrpcClient    : [1721046115487_192.168.31.1_54914]Ignore error event,isRunning:true,isAbandon=true
21:17:29:667  INFO 11412 --- [nacos-grpc-client-executor-689] com.alibaba.nacos.common.remote.client   : [c1471f4b-53ae-4d2d-9937-6c1a56811b31] Receive server push request, request = NotifySubscriberRequest, requestId = 15
21:17:29:667  INFO 11412 --- [nacos-grpc-client-executor-689] com.alibaba.nacos.common.remote.client   : [c1471f4b-53ae-4d2d-9937-6c1a56811b31] Ack server push request, request = NotifySubscriberRequest, requestId = 15
21:17:29:668  INFO 6532 --- [nacos-grpc-client-executor-689] com.alibaba.nacos.common.remote.client   : [2e9b118f-960c-49c4-a479-e1249fb3d73c] Receive server push request, request = NotifySubscriberRequest, requestId = 16
21:17:29:668  INFO 6532 --- [nacos-grpc-client-executor-689] com.alibaba.nacos.common.remote.client   : [2e9b118f-960c-49c4-a479-e1249fb3d73c] Ack server push request, request = NotifySubscriberRequest, requestId = 16
21:46:52:610  INFO 6532 --- [http-nio-8083-exec-1] o.a.c.c.C.[Tomcat].[localhost].[/]       : Initializing Spring DispatcherServlet 'dispatcherServlet'
21:46:52:611  INFO 6532 --- [http-nio-8083-exec-1] o.s.web.servlet.DispatcherServlet        : Initializing Servlet 'dispatcherServlet'
21:46:52:626  INFO 6532 --- [http-nio-8083-exec-1] o.s.web.servlet.DispatcherServlet        : Completed initialization in 15 ms
21:46:52:728  INFO 6532 --- [http-nio-8083-exec-1] com.zaxxer.hikari.HikariDataSource       : HikariPool-1 - Starting...
21:46:53:015  INFO 6532 --- [http-nio-8083-exec-1] com.zaxxer.hikari.HikariDataSource       : HikariPool-1 - Start completed.
21:46:53:020 DEBUG 6532 --- [http-nio-8083-exec-1] c.h.i.mapper.ItemMapper.selectBatchIds   : ==>  Preparing: SELECT id,name,price,stock,image,category,brand,spec,sold,comment_count,isAD,status,create_time,update_time,creater,updater FROM item WHERE id IN ( ? )
21:46:53:041 DEBUG 6532 --- [http-nio-8083-exec-1] c.h.i.mapper.ItemMapper.selectBatchIds   : ==> Parameters: 100000006163(Long)
21:46:53:079 DEBUG 6532 --- [http-nio-8083-exec-1] c.h.i.mapper.ItemMapper.selectBatchIds   : <==      Total: 1
21:46:53:407  INFO 11412 --- [http-nio-8081-exec-1] o.a.c.c.C.[Tomcat].[localhost].[/]       : Initializing Spring DispatcherServlet 'dispatcherServlet'
21:46:53:407  INFO 11412 --- [http-nio-8081-exec-1] o.s.web.servlet.DispatcherServlet        : Initializing Servlet 'dispatcherServlet'
21:46:53:425  INFO 11412 --- [http-nio-8081-exec-1] o.s.web.servlet.DispatcherServlet        : Completed initialization in 18 ms
21:46:53:534  INFO 11412 --- [http-nio-8081-exec-1] com.zaxxer.hikari.HikariDataSource       : HikariPool-1 - Starting...
21:46:53:838  INFO 11412 --- [http-nio-8081-exec-1] com.zaxxer.hikari.HikariDataSource       : HikariPool-1 - Start completed.
21:46:53:845 DEBUG 11412 --- [http-nio-8081-exec-1] c.h.i.mapper.ItemMapper.selectBatchIds   : ==>  Preparing: SELECT id,name,price,stock,image,category,brand,spec,sold,comment_count,isAD,status,create_time,update_time,creater,updater FROM item WHERE id IN ( ? )
21:46:53:866 DEBUG 11412 --- [http-nio-8081-exec-1] c.h.i.mapper.ItemMapper.selectBatchIds   : ==> Parameters: 100000006163(Long)
21:46:53:891 DEBUG 11412 --- [http-nio-8081-exec-1] c.h.i.mapper.ItemMapper.selectBatchIds   : <==      Total: 1
21:46:55:729 DEBUG 6532 --- [http-nio-8083-exec-2] c.h.i.mapper.ItemMapper.selectBatchIds   : ==>  Preparing: SELECT id,name,price,stock,image,category,brand,spec,sold,comment_count,isAD,status,create_time,update_time,creater,updater FROM item WHERE id IN ( ? )
21:46:55:729 DEBUG 6532 --- [http-nio-8083-exec-2] c.h.i.mapper.ItemMapper.selectBatchIds   : ==> Parameters: 100000006163(Long)
21:46:55:731 DEBUG 6532 --- [http-nio-8083-exec-2] c.h.i.mapper.ItemMapper.selectBatchIds   : <==      Total: 1
21:46:57:649 DEBUG 11412 --- [http-nio-8081-exec-2] c.h.i.mapper.ItemMapper.selectBatchIds   : ==>  Preparing: SELECT id,name,price,stock,image,category,brand,spec,sold,comment_count,isAD,status,create_time,update_time,creater,updater FROM item WHERE id IN ( ? )
21:46:57:650 DEBUG 11412 --- [http-nio-8081-exec-2] c.h.i.mapper.ItemMapper.selectBatchIds   : ==> Parameters: 100000006163(Long)
21:46:57:652 DEBUG 11412 --- [http-nio-8081-exec-2] c.h.i.mapper.ItemMapper.selectBatchIds   : <==      Total: 1
21:47:03:320 DEBUG 6532 --- [http-nio-8083-exec-3] c.h.i.mapper.ItemMapper.selectBatchIds   : ==>  Preparing: SELECT id,name,price,stock,image,category,brand,spec,sold,comment_count,isAD,status,create_time,update_time,creater,updater FROM item WHERE id IN ( ? )
21:47:03:320 DEBUG 6532 --- [http-nio-8083-exec-3] c.h.i.mapper.ItemMapper.selectBatchIds   : ==> Parameters: 100000006163(Long)
21:47:03:322 DEBUG 6532 --- [http-nio-8083-exec-3] c.h.i.mapper.ItemMapper.selectBatchIds   : <==      Total: 1
21:47:05:787 DEBUG 11412 --- [http-nio-8081-exec-3] c.h.i.mapper.ItemMapper.selectBatchIds   : ==>  Preparing: SELECT id,name,price,stock,image,category,brand,spec,sold,comment_count,isAD,status,create_time,update_time,creater,updater FROM item WHERE id IN ( ? )
21:47:05:787 DEBUG 11412 --- [http-nio-8081-exec-3] c.h.i.mapper.ItemMapper.selectBatchIds   : ==> Parameters: 100000006163(Long)
21:47:05:791 DEBUG 11412 --- [http-nio-8081-exec-3] c.h.i.mapper.ItemMapper.selectBatchIds   : <==      Total: 1
21:48:06:200 DEBUG 6532 --- [http-nio-8083-exec-4] c.h.i.m.ItemMapper.selectPage_mpCount    : ==>  Preparing: SELECT COUNT(*) FROM item WHERE (status = ?)
21:48:06:201 DEBUG 6532 --- [http-nio-8083-exec-4] c.h.i.m.ItemMapper.selectPage_mpCount    : ==> Parameters: 1(Integer)
21:48:06:283 DEBUG 6532 --- [http-nio-8083-exec-4] c.h.i.m.ItemMapper.selectPage_mpCount    : <==      Total: 1
21:48:06:289 DEBUG 6532 --- [http-nio-8083-exec-4] c.h.item.mapper.ItemMapper.selectPage    : ==>  Preparing: SELECT id, name, price, stock, image, category, brand, spec, sold, comment_count, isAD, status, create_time, update_time, creater, updater FROM item WHERE (status = ?) ORDER BY update_time DESC LIMIT ?
21:48:06:290 DEBUG 6532 --- [http-nio-8083-exec-4] c.h.item.mapper.ItemMapper.selectPage    : ==> Parameters: 1(Integer), 20(Long)
21:48:06:307 DEBUG 6532 --- [http-nio-8083-exec-4] c.h.item.mapper.ItemMapper.selectPage    : <==      Total: 20
21:48:09:857 DEBUG 6532 --- [http-nio-8083-exec-6] c.h.i.mapper.ItemMapper.selectBatchIds   : ==>  Preparing: SELECT id,name,price,stock,image,category,brand,spec,sold,comment_count,isAD,status,create_time,update_time,creater,updater FROM item WHERE id IN ( ? )
21:48:09:857 DEBUG 6532 --- [http-nio-8083-exec-6] c.h.i.mapper.ItemMapper.selectBatchIds   : ==> Parameters: 14741770661(Long)
21:48:09:858 DEBUG 6532 --- [http-nio-8083-exec-6] c.h.i.mapper.ItemMapper.selectBatchIds   : <==      Total: 1
21:48:13:103 DEBUG 11412 --- [http-nio-8081-exec-5] c.h.i.mapper.ItemMapper.selectBatchIds   : ==>  Preparing: SELECT id,name,price,stock,image,category,brand,spec,sold,comment_count,isAD,status,create_time,update_time,creater,updater FROM item WHERE id IN ( ? )
21:48:13:104 DEBUG 11412 --- [http-nio-8081-exec-5] c.h.i.mapper.ItemMapper.selectBatchIds   : ==> Parameters: 14741770661(Long)
21:48:13:105 DEBUG 11412 --- [http-nio-8081-exec-5] c.h.i.mapper.ItemMapper.selectBatchIds   : <==      Total: 1
21:59:16:189 DEBUG 6532 --- [http-nio-8083-exec-9] c.h.i.mapper.ItemMapper.selectBatchIds   : ==>  Preparing: SELECT id,name,price,stock,image,category,brand,spec,sold,comment_count,isAD,status,create_time,update_time,creater,updater FROM item WHERE id IN ( ? )
21:59:16:189 DEBUG 6532 --- [http-nio-8083-exec-9] c.h.i.mapper.ItemMapper.selectBatchIds   : ==> Parameters: 14741770661(Long)
21:59:16:191 DEBUG 6532 --- [http-nio-8083-exec-9] c.h.i.mapper.ItemMapper.selectBatchIds   : <==      Total: 1
21:59:16:416 DEBUG 11412 --- [http-nio-8081-exec-7] c.h.i.m.ItemMapper.selectPage_mpCount    : ==>  Preparing: SELECT COUNT(*) FROM item WHERE (status = ?)
21:59:16:417 DEBUG 11412 --- [http-nio-8081-exec-7] c.h.i.m.ItemMapper.selectPage_mpCount    : ==> Parameters: 1(Integer)
21:59:16:429 DEBUG 11412 --- [http-nio-8081-exec-7] c.h.i.m.ItemMapper.selectPage_mpCount    : <==      Total: 1
21:59:16:437 DEBUG 11412 --- [http-nio-8081-exec-7] c.h.item.mapper.ItemMapper.selectPage    : ==>  Preparing: SELECT id, name, price, stock, image, category, brand, spec, sold, comment_count, isAD, status, create_time, update_time, creater, updater FROM item WHERE (status = ?) ORDER BY update_time DESC LIMIT ?
21:59:16:437 DEBUG 11412 --- [http-nio-8081-exec-7] c.h.item.mapper.ItemMapper.selectPage    : ==> Parameters: 1(Integer), 20(Long)
21:59:16:447 DEBUG 11412 --- [http-nio-8081-exec-7] c.h.item.mapper.ItemMapper.selectPage    : <==      Total: 20
21:59:18:457 DEBUG 11412 --- [http-nio-8081-exec-8] c.h.i.mapper.ItemMapper.selectBatchIds   : ==>  Preparing: SELECT id,name,price,stock,image,category,brand,spec,sold,comment_count,isAD,status,create_time,update_time,creater,updater FROM item WHERE id IN ( ? )
21:59:18:457 DEBUG 11412 --- [http-nio-8081-exec-8] c.h.i.mapper.ItemMapper.selectBatchIds   : ==> Parameters: 14741770661(Long)
21:59:18:459 DEBUG 11412 --- [http-nio-8081-exec-8] c.h.i.mapper.ItemMapper.selectBatchIds   : <==      Total: 1
21:59:21:379 DEBUG 6532 --- [http-nio-8083-exec-10] c.h.i.mapper.ItemMapper.selectBatchIds   : ==>  Preparing: SELECT id,name,price,stock,image,category,brand,spec,sold,comment_count,isAD,status,create_time,update_time,creater,updater FROM item WHERE id IN ( ? )
21:59:21:379 DEBUG 6532 --- [http-nio-8083-exec-10] c.h.i.mapper.ItemMapper.selectBatchIds   : ==> Parameters: 14741770661(Long)
21:59:21:381 DEBUG 6532 --- [http-nio-8083-exec-10] c.h.i.mapper.ItemMapper.selectBatchIds   : <==      Total: 1
21:59:21:922 DEBUG 6532 --- [http-nio-8083-exec-1] c.h.i.m.ItemMapper.selectPage_mpCount    : ==>  Preparing: SELECT COUNT(*) FROM item WHERE (status = ?)
21:59:21:923 DEBUG 6532 --- [http-nio-8083-exec-1] c.h.i.m.ItemMapper.selectPage_mpCount    : ==> Parameters: 1(Integer)
21:59:21:933 DEBUG 6532 --- [http-nio-8083-exec-1] c.h.i.m.ItemMapper.selectPage_mpCount    : <==      Total: 1
21:59:21:934 DEBUG 6532 --- [http-nio-8083-exec-1] c.h.item.mapper.ItemMapper.selectPage    : ==>  Preparing: SELECT id, name, price, stock, image, category, brand, spec, sold, comment_count, isAD, status, create_time, update_time, creater, updater FROM item WHERE (status = ?) ORDER BY update_time DESC LIMIT ?
21:59:21:934 DEBUG 6532 --- [http-nio-8083-exec-1] c.h.item.mapper.ItemMapper.selectPage    : ==> Parameters: 1(Integer), 20(Long)
21:59:21:938 DEBUG 6532 --- [http-nio-8083-exec-1] c.h.item.mapper.ItemMapper.selectPage    : <==      Total: 20
21:59:51:886 DEBUG 11412 --- [http-nio-8081-exec-9] c.h.i.mapper.ItemMapper.selectBatchIds   : ==>  Preparing: SELECT id,name,price,stock,image,category,brand,spec,sold,comment_count,isAD,status,create_time,update_time,creater,updater FROM item WHERE id IN ( ? , ? )
21:59:51:886 DEBUG 11412 --- [http-nio-8081-exec-9] c.h.i.mapper.ItemMapper.selectBatchIds   : ==> Parameters: 8533120(Long), 14741770661(Long)
21:59:51:888 DEBUG 11412 --- [http-nio-8081-exec-9] c.h.i.mapper.ItemMapper.selectBatchIds   : <==      Total: 2
22:38:30:692 DEBUG 11412 --- [http-nio-8081-exec-2] c.h.i.m.ItemMapper.selectPage_mpCount    : ==>  Preparing: SELECT COUNT(*) FROM item
22:38:30:693 DEBUG 11412 --- [http-nio-8081-exec-2] c.h.i.m.ItemMapper.selectPage_mpCount    : ==> Parameters: 
22:38:31:018 DEBUG 11412 --- [http-nio-8081-exec-2] c.h.i.m.ItemMapper.selectPage_mpCount    : <==      Total: 1
22:38:31:021 DEBUG 11412 --- [http-nio-8081-exec-2] c.h.item.mapper.ItemMapper.selectPage    : ==>  Preparing: SELECT id, name, price, stock, image, category, brand, spec, sold, comment_count, isAD, status, create_time, update_time, creater, updater FROM item ORDER BY update_time DESC LIMIT ?
22:38:31:022 DEBUG 11412 --- [http-nio-8081-exec-2] c.h.item.mapper.ItemMapper.selectPage    : ==> Parameters: 20(Long)
22:38:31:026 DEBUG 11412 --- [http-nio-8081-exec-2] c.h.item.mapper.ItemMapper.selectPage    : <==      Total: 20
